update-alternatives 2016-05-02 16:04:47: run with --install /usr/share/man/man7/builtins.7.gz builtins.7.gz /usr/share/man/man7/bash-builtins.7.gz 10
update-alternatives 2016-05-02 16:04:47: auto-repair link group builtins.7.gz
update-alternatives 2016-05-02 16:05:43: run with --install /usr/bin/rename rename /usr/bin/prename 60 --slave /usr/share/man/man1/rename.1.gz rename.1.gz /usr/share/man/man1/prename.1.gz
update-alternatives 2016-05-02 16:05:43: link group rename updated to point to /usr/bin/prename
update-alternatives 2016-05-02 16:05:55: run with --quiet --install /lib/cpp cpp /usr/bin/cpp 10
update-alternatives 2016-05-02 16:05:55: link group cpp updated to point to /usr/bin/cpp
update-alternatives 2016-05-02 16:05:57: run with --quiet --install /usr/bin/cc cc /usr/bin/gcc 20 --slave /usr/share/man/man1/cc.1.gz cc.1.gz /usr/share/man/man1/gcc.1.gz
update-alternatives 2016-05-02 16:05:57: link group cc updated to point to /usr/bin/gcc
update-alternatives 2016-05-02 16:05:57: run with --quiet --install /usr/bin/c89 c89 /usr/bin/c89-gcc 20 --slave /usr/share/man/man1/c89.1.gz c89.1.gz /usr/share/man/man1/c89-gcc.1.gz
update-alternatives 2016-05-02 16:05:57: link group c89 updated to point to /usr/bin/c89-gcc
update-alternatives 2016-05-02 16:05:58: run with --quiet --install /usr/bin/c99 c99 /usr/bin/c99-gcc 20 --slave /usr/share/man/man1/c99.1.gz c99.1.gz /usr/share/man/man1/c99-gcc.1.gz
update-alternatives 2016-05-02 16:05:58: link group c99 updated to point to /usr/bin/c99-gcc
update-alternatives 2016-05-02 16:05:58: run with --install /usr/bin/c++ c++ /usr/bin/g++ 20 --slave /usr/share/man/man1/c++.1.gz c++.1.gz /usr/share/man/man1/g++.1.gz
update-alternatives 2016-05-02 16:05:58: link group c++ updated to point to /usr/bin/g++
update-alternatives 2016-05-02 16:05:59: run with --install /usr/bin/lzma lzma /usr/bin/xz 20 --slave /usr/share/man/man1/lzma.1.gz lzma.1.gz /usr/share/man/man1/xz.1.gz --slave /usr/bin/unlzma unlzma /usr/bin/unxz --slave /usr/share/man/man1/unlzma.1.gz unlzma.1.gz /usr/share/man/man1/unxz.1.gz --slave /usr/bin/lzcat lzcat /usr/bin/xzcat --slave /usr/share/man/man1/lzcat.1.gz lzcat.1.gz /usr/share/man/man1/xzcat.1.gz --slave /usr/bin/lzmore lzmore /usr/bin/xzmore --slave /usr/share/man/man1/lzmore.1.gz lzmore.1.gz /usr/share/man/man1/xzmore.1.gz --slave /usr/bin/lzless lzless /usr/bin/xzless --slave /usr/share/man/man1/lzless.1.gz lzless.1.gz /usr/share/man/man1/xzless.1.gz --slave /usr/bin/lzdiff lzdiff /usr/bin/xzdiff --slave /usr/share/man/man1/lzdiff.1.gz lzdiff.1.gz /usr/share/man/man1/xzdiff.1.gz --slave /usr/bin/lzcmp lzcmp /usr/bin/xzcmp --slave /usr/share/man/man1/lzcmp.1.gz lzcmp.1.gz /usr/share/man/man1/xzcmp.1.gz --slave /usr/bin/lzgrep lzgrep /usr/bin/xzgrep --slave /usr/share/man/man1/lzgrep.1.gz lzgrep.1.gz /usr/share/man/man1/xzgrep.1.gz --slave /usr/bin/lzegrep lzegrep /usr/bin/xzegrep --slave /usr/share/man/man1/lzegrep.1.gz lzegrep.1.gz /usr/share/man/man1/xzegrep.1.gz --slave /usr/bin/lzfgrep lzfgrep /usr/bin/xzfgrep --slave /usr/share/man/man1/lzfgrep.1.gz lzfgrep.1.gz /usr/share/man/man1/xzfgrep.1.gz
update-alternatives 2016-05-02 16:05:59: link group lzma updated to point to /usr/bin/xz
update-alternatives 2016-05-02 16:07:37: run with --remove c++ /usr/bin/g++
update-alternatives 2016-05-02 16:07:37: link group c++ fully removed
update-alternatives 2016-05-02 16:07:38: run with --quiet --remove cc /usr/bin/gcc
update-alternatives 2016-05-02 16:07:38: link group cc fully removed
update-alternatives 2016-05-02 16:07:38: run with --quiet --remove c89 /usr/bin/c89-gcc
update-alternatives 2016-05-02 16:07:38: link group c89 fully removed
update-alternatives 2016-05-02 16:07:38: run with --quiet --remove c99 /usr/bin/c99-gcc
update-alternatives 2016-05-02 16:07:38: link group c99 fully removed
update-alternatives 2016-05-02 16:07:38: run with --quiet --remove cpp /usr/bin/cpp
update-alternatives 2016-05-02 16:07:38: link group cpp fully removed
update-alternatives 2020-05-07 10:04:37: run with --quiet --install /usr/bin/pager pager /bin/less 77 --slave /usr/share/man/man1/pager.1.gz pager.1.gz /usr/share/man/man1/less.1.gz
update-alternatives 2020-05-07 10:04:37: link group pager updated to point to /bin/less
update-alternatives 2020-05-07 10:04:37: run with --quiet --remove pager /usr/bin/less
update-alternatives 2020-05-07 10:04:37: run with --quiet --install /usr/bin/pager pager /bin/less 77 --slave /usr/share/man/man1/pager.1.gz pager.1.gz /usr/share/man/man1/less.1.gz
update-alternatives 2020-05-07 10:04:37: run with --quiet --remove pager /usr/bin/less
update-alternatives 2020-05-07 10:04:37: run with --quiet --install /usr/bin/rsh rsh /usr/bin/ssh 20 --slave /usr/share/man/man1/rsh.1.gz rsh.1.gz /usr/share/man/man1/ssh.1.gz
update-alternatives 2020-05-07 10:04:37: link group rsh updated to point to /usr/bin/ssh
update-alternatives 2020-05-07 10:04:37: run with --quiet --install /usr/bin/rlogin rlogin /usr/bin/slogin 20 --slave /usr/share/man/man1/rlogin.1.gz rlogin.1.gz /usr/share/man/man1/slogin.1.gz
update-alternatives 2020-05-07 10:04:37: link group rlogin updated to point to /usr/bin/slogin
update-alternatives 2020-05-07 10:04:37: run with --quiet --install /usr/bin/rcp rcp /usr/bin/scp 20 --slave /usr/share/man/man1/rcp.1.gz rcp.1.gz /usr/share/man/man1/scp.1.gz
update-alternatives 2020-05-07 10:04:37: link group rcp updated to point to /usr/bin/scp
