2016-05-02 16:04:42 startup archives unpack
2016-05-02 16:04:42 install bash:amd64 <none> 4.3-14ubuntu1
2016-05-02 16:04:42 status half-installed bash:amd64 4.3-14ubuntu1
2016-05-02 16:04:47 status unpacked bash:amd64 4.3-14ubuntu1
2016-05-02 16:04:47 status unpacked bash:amd64 4.3-14ubuntu1
2016-05-02 16:04:47 startup packages configure
2016-05-02 16:04:47 configure bash:amd64 4.3-14ubuntu1 <none>
2016-05-02 16:04:47 status unpacked bash:amd64 4.3-14ubuntu1
2016-05-02 16:04:47 status unpacked bash:amd64 4.3-14ubuntu1
2016-05-02 16:04:47 status unpacked bash:amd64 4.3-14ubuntu1
2016-05-02 16:04:47 status unpacked bash:amd64 4.3-14ubuntu1
2016-05-02 16:04:47 status unpacked bash:amd64 4.3-14ubuntu1
2016-05-02 16:04:47 status half-configured bash:amd64 4.3-14ubuntu1
2016-05-02 16:04:47 status installed bash:amd64 4.3-14ubuntu1
2016-05-02 16:04:48 startup archives unpack
2016-05-02 16:04:48 install libgdbm3:amd64 <none> 1.8.3-13.1
2016-05-02 16:04:48 status half-installed libgdbm3:amd64 1.8.3-13.1
2016-05-02 16:04:48 status unpacked libgdbm3:amd64 1.8.3-13.1
2016-05-02 16:04:48 status unpacked libgdbm3:amd64 1.8.3-13.1
2016-05-02 16:04:48 install libpcrecpp0v5:amd64 <none> 2:8.38-3.1
2016-05-02 16:04:48 status triggers-pending libc-bin:amd64 2.23-0ubuntu3
2016-05-02 16:04:48 status half-installed libpcrecpp0v5:amd64 2:8.38-3.1
2016-05-02 16:04:49 status unpacked libpcrecpp0v5:amd64 2:8.38-3.1
2016-05-02 16:04:49 status unpacked libpcrecpp0v5:amd64 2:8.38-3.1
2016-05-02 16:04:49 install perl-modules-5.22:all <none> 5.22.1-9
2016-05-02 16:04:49 status half-installed perl-modules-5.22:all 5.22.1-9
2016-05-02 16:04:49 status unpacked perl-modules-5.22:all 5.22.1-9
2016-05-02 16:04:49 status unpacked perl-modules-5.22:all 5.22.1-9
2016-05-02 16:04:50 install libperl5.22:amd64 <none> 5.22.1-9
2016-05-02 16:04:50 status half-installed libperl5.22:amd64 5.22.1-9
2016-05-02 16:04:50 status unpacked libperl5.22:amd64 5.22.1-9
2016-05-02 16:04:50 status unpacked libperl5.22:amd64 5.22.1-9
2016-05-02 16:04:50 install perl:amd64 <none> 5.22.1-9
2016-05-02 16:04:50 status half-installed perl:amd64 5.22.1-9
2016-05-02 16:04:51 status unpacked perl:amd64 5.22.1-9
2016-05-02 16:04:51 status unpacked perl:amd64 5.22.1-9
2016-05-02 16:04:51 install libgmp10:amd64 <none> 2:6.1.0+dfsg-2
2016-05-02 16:04:51 status half-installed libgmp10:amd64 2:6.1.0+dfsg-2
2016-05-02 16:04:51 status unpacked libgmp10:amd64 2:6.1.0+dfsg-2
2016-05-02 16:04:51 status unpacked libgmp10:amd64 2:6.1.0+dfsg-2
2016-05-02 16:04:51 install libmpfr4:amd64 <none> 3.1.4-1
2016-05-02 16:04:51 status half-installed libmpfr4:amd64 3.1.4-1
2016-05-02 16:04:52 status unpacked libmpfr4:amd64 3.1.4-1
2016-05-02 16:04:52 status unpacked libmpfr4:amd64 3.1.4-1
2016-05-02 16:04:52 install libmpc3:amd64 <none> 1.0.3-1
2016-05-02 16:04:52 status half-installed libmpc3:amd64 1.0.3-1
2016-05-02 16:04:52 status unpacked libmpc3:amd64 1.0.3-1
2016-05-02 16:04:52 status unpacked libmpc3:amd64 1.0.3-1
2016-05-02 16:04:52 install bzip2:amd64 <none> 1.0.6-8
2016-05-02 16:04:52 status half-installed bzip2:amd64 1.0.6-8
2016-05-02 16:04:52 status unpacked bzip2:amd64 1.0.6-8
2016-05-02 16:04:52 status unpacked bzip2:amd64 1.0.6-8
2016-05-02 16:04:53 install libffi6:amd64 <none> 3.2.1-4
2016-05-02 16:04:53 status half-installed libffi6:amd64 3.2.1-4
2016-05-02 16:04:53 status unpacked libffi6:amd64 3.2.1-4
2016-05-02 16:04:53 status unpacked libffi6:amd64 3.2.1-4
2016-05-02 16:04:53 install libnettle6:amd64 <none> 3.2-1
2016-05-02 16:04:53 status half-installed libnettle6:amd64 3.2-1
2016-05-02 16:04:53 status unpacked libnettle6:amd64 3.2-1
2016-05-02 16:04:53 status unpacked libnettle6:amd64 3.2-1
2016-05-02 16:04:54 install libhogweed4:amd64 <none> 3.2-1
2016-05-02 16:04:54 status half-installed libhogweed4:amd64 3.2-1
2016-05-02 16:04:54 status unpacked libhogweed4:amd64 3.2-1
2016-05-02 16:04:54 status unpacked libhogweed4:amd64 3.2-1
2016-05-02 16:04:54 install libidn11:amd64 <none> 1.32-3ubuntu1
2016-05-02 16:04:54 status half-installed libidn11:amd64 1.32-3ubuntu1
2016-05-02 16:04:54 status unpacked libidn11:amd64 1.32-3ubuntu1
2016-05-02 16:04:54 status unpacked libidn11:amd64 1.32-3ubuntu1
2016-05-02 16:04:54 install libp11-kit0:amd64 <none> 0.23.2-3
2016-05-02 16:04:54 status half-installed libp11-kit0:amd64 0.23.2-3
2016-05-02 16:04:55 status unpacked libp11-kit0:amd64 0.23.2-3
2016-05-02 16:04:55 status unpacked libp11-kit0:amd64 0.23.2-3
2016-05-02 16:04:55 install libtasn1-6:amd64 <none> 4.7-3
2016-05-02 16:04:55 status half-installed libtasn1-6:amd64 4.7-3
2016-05-02 16:04:55 status unpacked libtasn1-6:amd64 4.7-3
2016-05-02 16:04:55 status unpacked libtasn1-6:amd64 4.7-3
2016-05-02 16:04:55 install libgnutls30:amd64 <none> 3.4.10-4ubuntu1
2016-05-02 16:04:55 status half-installed libgnutls30:amd64 3.4.10-4ubuntu1
2016-05-02 16:04:56 status unpacked libgnutls30:amd64 3.4.10-4ubuntu1
2016-05-02 16:04:56 status unpacked libgnutls30:amd64 3.4.10-4ubuntu1
2016-05-02 16:04:56 install libsqlite3-0:amd64 <none> 3.11.0-1ubuntu1
2016-05-02 16:04:56 status half-installed libsqlite3-0:amd64 3.11.0-1ubuntu1
2016-05-02 16:04:56 status unpacked libsqlite3-0:amd64 3.11.0-1ubuntu1
2016-05-02 16:04:56 status unpacked libsqlite3-0:amd64 3.11.0-1ubuntu1
2016-05-02 16:04:56 install libssl1.0.0:amd64 <none> 1.0.2g-1ubuntu4
2016-05-02 16:04:56 status half-installed libssl1.0.0:amd64 1.0.2g-1ubuntu4
2016-05-02 16:04:57 status unpacked libssl1.0.0:amd64 1.0.2g-1ubuntu4
2016-05-02 16:04:57 status unpacked libssl1.0.0:amd64 1.0.2g-1ubuntu4
2016-05-02 16:04:57 install openssl:amd64 <none> 1.0.2g-1ubuntu4
2016-05-02 16:04:57 status half-installed openssl:amd64 1.0.2g-1ubuntu4
2016-05-02 16:04:58 status unpacked openssl:amd64 1.0.2g-1ubuntu4
2016-05-02 16:04:58 status unpacked openssl:amd64 1.0.2g-1ubuntu4
2016-05-02 16:04:58 install ca-certificates:all <none> 20160104ubuntu1
2016-05-02 16:04:58 status half-installed ca-certificates:all 20160104ubuntu1
2016-05-02 16:04:59 status unpacked ca-certificates:all 20160104ubuntu1
2016-05-02 16:04:59 status unpacked ca-certificates:all 20160104ubuntu1
2016-05-02 16:05:00 install libroken18-heimdal:amd64 <none> 1.7~git20150920+dfsg-4ubuntu1
2016-05-02 16:05:00 status half-installed libroken18-heimdal:amd64 1.7~git20150920+dfsg-4ubuntu1
2016-05-02 16:05:00 status unpacked libroken18-heimdal:amd64 1.7~git20150920+dfsg-4ubuntu1
2016-05-02 16:05:00 status unpacked libroken18-heimdal:amd64 1.7~git20150920+dfsg-4ubuntu1
2016-05-02 16:05:00 install libasn1-8-heimdal:amd64 <none> 1.7~git20150920+dfsg-4ubuntu1
2016-05-02 16:05:00 status half-installed libasn1-8-heimdal:amd64 1.7~git20150920+dfsg-4ubuntu1
2016-05-02 16:05:00 status unpacked libasn1-8-heimdal:amd64 1.7~git20150920+dfsg-4ubuntu1
2016-05-02 16:05:00 status unpacked libasn1-8-heimdal:amd64 1.7~git20150920+dfsg-4ubuntu1
2016-05-02 16:05:01 install libkrb5support0:amd64 <none> 1.13.2+dfsg-5
2016-05-02 16:05:01 status half-installed libkrb5support0:amd64 1.13.2+dfsg-5
2016-05-02 16:05:01 status unpacked libkrb5support0:amd64 1.13.2+dfsg-5
2016-05-02 16:05:01 status unpacked libkrb5support0:amd64 1.13.2+dfsg-5
2016-05-02 16:05:01 install libk5crypto3:amd64 <none> 1.13.2+dfsg-5
2016-05-02 16:05:01 status half-installed libk5crypto3:amd64 1.13.2+dfsg-5
2016-05-02 16:05:01 status unpacked libk5crypto3:amd64 1.13.2+dfsg-5
2016-05-02 16:05:01 status unpacked libk5crypto3:amd64 1.13.2+dfsg-5
2016-05-02 16:05:01 install libkeyutils1:amd64 <none> 1.5.9-8ubuntu1
2016-05-02 16:05:01 status half-installed libkeyutils1:amd64 1.5.9-8ubuntu1
2016-05-02 16:05:01 status unpacked libkeyutils1:amd64 1.5.9-8ubuntu1
2016-05-02 16:05:02 status unpacked libkeyutils1:amd64 1.5.9-8ubuntu1
2016-05-02 16:05:02 install libkrb5-3:amd64 <none> 1.13.2+dfsg-5
2016-05-02 16:05:02 status half-installed libkrb5-3:amd64 1.13.2+dfsg-5
2016-05-02 16:05:02 status unpacked libkrb5-3:amd64 1.13.2+dfsg-5
2016-05-02 16:05:02 status unpacked libkrb5-3:amd64 1.13.2+dfsg-5
2016-05-02 16:05:02 install libgssapi-krb5-2:amd64 <none> 1.13.2+dfsg-5
2016-05-02 16:05:02 status half-installed libgssapi-krb5-2:amd64 1.13.2+dfsg-5
2016-05-02 16:05:03 status unpacked libgssapi-krb5-2:amd64 1.13.2+dfsg-5
2016-05-02 16:05:03 status unpacked libgssapi-krb5-2:amd64 1.13.2+dfsg-5
2016-05-02 16:05:03 install libhcrypto4-heimdal:amd64 <none> 1.7~git20150920+dfsg-4ubuntu1
2016-05-02 16:05:03 status half-installed libhcrypto4-heimdal:amd64 1.7~git20150920+dfsg-4ubuntu1
2016-05-02 16:05:03 status unpacked libhcrypto4-heimdal:amd64 1.7~git20150920+dfsg-4ubuntu1
2016-05-02 16:05:03 status unpacked libhcrypto4-heimdal:amd64 1.7~git20150920+dfsg-4ubuntu1
2016-05-02 16:05:03 install libheimbase1-heimdal:amd64 <none> 1.7~git20150920+dfsg-4ubuntu1
2016-05-02 16:05:03 status half-installed libheimbase1-heimdal:amd64 1.7~git20150920+dfsg-4ubuntu1
2016-05-02 16:05:03 status unpacked libheimbase1-heimdal:amd64 1.7~git20150920+dfsg-4ubuntu1
2016-05-02 16:05:03 status unpacked libheimbase1-heimdal:amd64 1.7~git20150920+dfsg-4ubuntu1
2016-05-02 16:05:04 install libwind0-heimdal:amd64 <none> 1.7~git20150920+dfsg-4ubuntu1
2016-05-02 16:05:04 status half-installed libwind0-heimdal:amd64 1.7~git20150920+dfsg-4ubuntu1
2016-05-02 16:05:04 status unpacked libwind0-heimdal:amd64 1.7~git20150920+dfsg-4ubuntu1
2016-05-02 16:05:04 status unpacked libwind0-heimdal:amd64 1.7~git20150920+dfsg-4ubuntu1
2016-05-02 16:05:04 install libhx509-5-heimdal:amd64 <none> 1.7~git20150920+dfsg-4ubuntu1
2016-05-02 16:05:04 status half-installed libhx509-5-heimdal:amd64 1.7~git20150920+dfsg-4ubuntu1
2016-05-02 16:05:04 status unpacked libhx509-5-heimdal:amd64 1.7~git20150920+dfsg-4ubuntu1
2016-05-02 16:05:04 status unpacked libhx509-5-heimdal:amd64 1.7~git20150920+dfsg-4ubuntu1
2016-05-02 16:05:05 install libkrb5-26-heimdal:amd64 <none> 1.7~git20150920+dfsg-4ubuntu1
2016-05-02 16:05:05 status half-installed libkrb5-26-heimdal:amd64 1.7~git20150920+dfsg-4ubuntu1
2016-05-02 16:05:05 status unpacked libkrb5-26-heimdal:amd64 1.7~git20150920+dfsg-4ubuntu1
2016-05-02 16:05:05 status unpacked libkrb5-26-heimdal:amd64 1.7~git20150920+dfsg-4ubuntu1
2016-05-02 16:05:05 install libheimntlm0-heimdal:amd64 <none> 1.7~git20150920+dfsg-4ubuntu1
2016-05-02 16:05:05 status half-installed libheimntlm0-heimdal:amd64 1.7~git20150920+dfsg-4ubuntu1
2016-05-02 16:05:06 status unpacked libheimntlm0-heimdal:amd64 1.7~git20150920+dfsg-4ubuntu1
2016-05-02 16:05:06 status unpacked libheimntlm0-heimdal:amd64 1.7~git20150920+dfsg-4ubuntu1
2016-05-02 16:05:06 install libgssapi3-heimdal:amd64 <none> 1.7~git20150920+dfsg-4ubuntu1
2016-05-02 16:05:06 status half-installed libgssapi3-heimdal:amd64 1.7~git20150920+dfsg-4ubuntu1
2016-05-02 16:05:06 status unpacked libgssapi3-heimdal:amd64 1.7~git20150920+dfsg-4ubuntu1
2016-05-02 16:05:06 status unpacked libgssapi3-heimdal:amd64 1.7~git20150920+dfsg-4ubuntu1
2016-05-02 16:05:06 install libsasl2-modules-db:amd64 <none> 2.1.26.dfsg1-14build1
2016-05-02 16:05:06 status half-installed libsasl2-modules-db:amd64 2.1.26.dfsg1-14build1
2016-05-02 16:05:06 status unpacked libsasl2-modules-db:amd64 2.1.26.dfsg1-14build1
2016-05-02 16:05:06 status unpacked libsasl2-modules-db:amd64 2.1.26.dfsg1-14build1
2016-05-02 16:05:07 install libsasl2-2:amd64 <none> 2.1.26.dfsg1-14build1
2016-05-02 16:05:07 status half-installed libsasl2-2:amd64 2.1.26.dfsg1-14build1
2016-05-02 16:05:07 status unpacked libsasl2-2:amd64 2.1.26.dfsg1-14build1
2016-05-02 16:05:07 status unpacked libsasl2-2:amd64 2.1.26.dfsg1-14build1
2016-05-02 16:05:07 install libldap-2.4-2:amd64 <none> 2.4.42+dfsg-2ubuntu3
2016-05-02 16:05:07 status half-installed libldap-2.4-2:amd64 2.4.42+dfsg-2ubuntu3
2016-05-02 16:05:07 status unpacked libldap-2.4-2:amd64 2.4.42+dfsg-2ubuntu3
2016-05-02 16:05:07 status unpacked libldap-2.4-2:amd64 2.4.42+dfsg-2ubuntu3
2016-05-02 16:05:08 install librtmp1:amd64 <none> 2.4+20151223.gitfa8646d-1build1
2016-05-02 16:05:08 status half-installed librtmp1:amd64 2.4+20151223.gitfa8646d-1build1
2016-05-02 16:05:08 status unpacked librtmp1:amd64 2.4+20151223.gitfa8646d-1build1
2016-05-02 16:05:08 status unpacked librtmp1:amd64 2.4+20151223.gitfa8646d-1build1
2016-05-02 16:05:08 install libcurl3-gnutls:amd64 <none> 7.47.0-1ubuntu2
2016-05-02 16:05:08 status half-installed libcurl3-gnutls:amd64 7.47.0-1ubuntu2
2016-05-02 16:05:08 status unpacked libcurl3-gnutls:amd64 7.47.0-1ubuntu2
2016-05-02 16:05:08 status unpacked libcurl3-gnutls:amd64 7.47.0-1ubuntu2
2016-05-02 16:05:09 install libgeoip1:amd64 <none> 1.6.9-1
2016-05-02 16:05:09 status half-installed libgeoip1:amd64 1.6.9-1
2016-05-02 16:05:09 status unpacked libgeoip1:amd64 1.6.9-1
2016-05-02 16:05:09 status unpacked libgeoip1:amd64 1.6.9-1
2016-05-02 16:05:09 install binutils:amd64 <none> 2.26-8ubuntu2
2016-05-02 16:05:09 status half-installed binutils:amd64 2.26-8ubuntu2
2016-05-02 16:05:09 status unpacked binutils:amd64 2.26-8ubuntu2
2016-05-02 16:05:10 status unpacked binutils:amd64 2.26-8ubuntu2
2016-05-02 16:05:10 install libc-dev-bin:amd64 <none> 2.23-0ubuntu3
2016-05-02 16:05:10 status half-installed libc-dev-bin:amd64 2.23-0ubuntu3
2016-05-02 16:05:10 status unpacked libc-dev-bin:amd64 2.23-0ubuntu3
2016-05-02 16:05:10 status unpacked libc-dev-bin:amd64 2.23-0ubuntu3
2016-05-02 16:05:10 install linux-libc-dev:amd64 <none> 4.4.0-21.37
2016-05-02 16:05:10 status half-installed linux-libc-dev:amd64 4.4.0-21.37
2016-05-02 16:05:10 status unpacked linux-libc-dev:amd64 4.4.0-21.37
2016-05-02 16:05:10 status unpacked linux-libc-dev:amd64 4.4.0-21.37
2016-05-02 16:05:10 install libc6-dev:amd64 <none> 2.23-0ubuntu3
2016-05-02 16:05:10 status half-installed libc6-dev:amd64 2.23-0ubuntu3
2016-05-02 16:05:11 status unpacked libc6-dev:amd64 2.23-0ubuntu3
2016-05-02 16:05:11 status unpacked libc6-dev:amd64 2.23-0ubuntu3
2016-05-02 16:05:11 install libisl15:amd64 <none> 0.16.1-1
2016-05-02 16:05:11 status half-installed libisl15:amd64 0.16.1-1
2016-05-02 16:05:11 status unpacked libisl15:amd64 0.16.1-1
2016-05-02 16:05:11 status unpacked libisl15:amd64 0.16.1-1
2016-05-02 16:05:11 install cpp-5:amd64 <none> 5.3.1-14ubuntu2
2016-05-02 16:05:11 status half-installed cpp-5:amd64 5.3.1-14ubuntu2
2016-05-02 16:05:12 status unpacked cpp-5:amd64 5.3.1-14ubuntu2
2016-05-02 16:05:12 status unpacked cpp-5:amd64 5.3.1-14ubuntu2
2016-05-02 16:05:13 install cpp:amd64 <none> 4:5.3.1-1ubuntu1
2016-05-02 16:05:13 status half-installed cpp:amd64 4:5.3.1-1ubuntu1
2016-05-02 16:05:13 status unpacked cpp:amd64 4:5.3.1-1ubuntu1
2016-05-02 16:05:13 status unpacked cpp:amd64 4:5.3.1-1ubuntu1
2016-05-02 16:05:13 install libcc1-0:amd64 <none> 5.3.1-14ubuntu2
2016-05-02 16:05:13 status half-installed libcc1-0:amd64 5.3.1-14ubuntu2
2016-05-02 16:05:13 status unpacked libcc1-0:amd64 5.3.1-14ubuntu2
2016-05-02 16:05:13 status unpacked libcc1-0:amd64 5.3.1-14ubuntu2
2016-05-02 16:05:14 install libgomp1:amd64 <none> 5.3.1-14ubuntu2
2016-05-02 16:05:14 status half-installed libgomp1:amd64 5.3.1-14ubuntu2
2016-05-02 16:05:14 status unpacked libgomp1:amd64 5.3.1-14ubuntu2
2016-05-02 16:05:14 status unpacked libgomp1:amd64 5.3.1-14ubuntu2
2016-05-02 16:05:14 install libitm1:amd64 <none> 5.3.1-14ubuntu2
2016-05-02 16:05:14 status half-installed libitm1:amd64 5.3.1-14ubuntu2
2016-05-02 16:05:14 status unpacked libitm1:amd64 5.3.1-14ubuntu2
2016-05-02 16:05:14 status unpacked libitm1:amd64 5.3.1-14ubuntu2
2016-05-02 16:05:15 install libatomic1:amd64 <none> 5.3.1-14ubuntu2
2016-05-02 16:05:15 status half-installed libatomic1:amd64 5.3.1-14ubuntu2
2016-05-02 16:05:15 status unpacked libatomic1:amd64 5.3.1-14ubuntu2
2016-05-02 16:05:15 status unpacked libatomic1:amd64 5.3.1-14ubuntu2
2016-05-02 16:05:15 install libasan2:amd64 <none> 5.3.1-14ubuntu2
2016-05-02 16:05:15 status half-installed libasan2:amd64 5.3.1-14ubuntu2
2016-05-02 16:05:15 status unpacked libasan2:amd64 5.3.1-14ubuntu2
2016-05-02 16:05:16 status unpacked libasan2:amd64 5.3.1-14ubuntu2
2016-05-02 16:05:16 install liblsan0:amd64 <none> 5.3.1-14ubuntu2
2016-05-02 16:05:16 status half-installed liblsan0:amd64 5.3.1-14ubuntu2
2016-05-02 16:05:16 status unpacked liblsan0:amd64 5.3.1-14ubuntu2
2016-05-02 16:05:16 status unpacked liblsan0:amd64 5.3.1-14ubuntu2
2016-05-02 16:05:16 install libtsan0:amd64 <none> 5.3.1-14ubuntu2
2016-05-02 16:05:16 status half-installed libtsan0:amd64 5.3.1-14ubuntu2
2016-05-02 16:05:16 status unpacked libtsan0:amd64 5.3.1-14ubuntu2
2016-05-02 16:05:16 status unpacked libtsan0:amd64 5.3.1-14ubuntu2
2016-05-02 16:05:17 install libubsan0:amd64 <none> 5.3.1-14ubuntu2
2016-05-02 16:05:17 status half-installed libubsan0:amd64 5.3.1-14ubuntu2
2016-05-02 16:05:17 status unpacked libubsan0:amd64 5.3.1-14ubuntu2
2016-05-02 16:05:17 status unpacked libubsan0:amd64 5.3.1-14ubuntu2
2016-05-02 16:05:17 install libcilkrts5:amd64 <none> 5.3.1-14ubuntu2
2016-05-02 16:05:17 status half-installed libcilkrts5:amd64 5.3.1-14ubuntu2
2016-05-02 16:05:17 status unpacked libcilkrts5:amd64 5.3.1-14ubuntu2
2016-05-02 16:05:17 status unpacked libcilkrts5:amd64 5.3.1-14ubuntu2
2016-05-02 16:05:18 install libmpx0:amd64 <none> 5.3.1-14ubuntu2
2016-05-02 16:05:18 status half-installed libmpx0:amd64 5.3.1-14ubuntu2
2016-05-02 16:05:18 status unpacked libmpx0:amd64 5.3.1-14ubuntu2
2016-05-02 16:05:18 status unpacked libmpx0:amd64 5.3.1-14ubuntu2
2016-05-02 16:05:18 install libquadmath0:amd64 <none> 5.3.1-14ubuntu2
2016-05-02 16:05:18 status half-installed libquadmath0:amd64 5.3.1-14ubuntu2
2016-05-02 16:05:18 status unpacked libquadmath0:amd64 5.3.1-14ubuntu2
2016-05-02 16:05:18 status unpacked libquadmath0:amd64 5.3.1-14ubuntu2
2016-05-02 16:05:19 install libgcc-5-dev:amd64 <none> 5.3.1-14ubuntu2
2016-05-02 16:05:19 status half-installed libgcc-5-dev:amd64 5.3.1-14ubuntu2
2016-05-02 16:05:19 status unpacked libgcc-5-dev:amd64 5.3.1-14ubuntu2
2016-05-02 16:05:19 status unpacked libgcc-5-dev:amd64 5.3.1-14ubuntu2
2016-05-02 16:05:19 install gcc-5:amd64 <none> 5.3.1-14ubuntu2
2016-05-02 16:05:19 status half-installed gcc-5:amd64 5.3.1-14ubuntu2
2016-05-02 16:05:20 status unpacked gcc-5:amd64 5.3.1-14ubuntu2
2016-05-02 16:05:20 status unpacked gcc-5:amd64 5.3.1-14ubuntu2
2016-05-02 16:05:21 install gcc:amd64 <none> 4:5.3.1-1ubuntu1
2016-05-02 16:05:21 status half-installed gcc:amd64 4:5.3.1-1ubuntu1
2016-05-02 16:05:21 status unpacked gcc:amd64 4:5.3.1-1ubuntu1
2016-05-02 16:05:21 status unpacked gcc:amd64 4:5.3.1-1ubuntu1
2016-05-02 16:05:21 install libstdc++-5-dev:amd64 <none> 5.3.1-14ubuntu2
2016-05-02 16:05:21 status half-installed libstdc++-5-dev:amd64 5.3.1-14ubuntu2
2016-05-02 16:05:21 status unpacked libstdc++-5-dev:amd64 5.3.1-14ubuntu2
2016-05-02 16:05:22 status unpacked libstdc++-5-dev:amd64 5.3.1-14ubuntu2
2016-05-02 16:05:22 install g++-5:amd64 <none> 5.3.1-14ubuntu2
2016-05-02 16:05:22 status half-installed g++-5:amd64 5.3.1-14ubuntu2
2016-05-02 16:05:23 status unpacked g++-5:amd64 5.3.1-14ubuntu2
2016-05-02 16:05:23 status unpacked g++-5:amd64 5.3.1-14ubuntu2
2016-05-02 16:05:23 install g++:amd64 <none> 4:5.3.1-1ubuntu1
2016-05-02 16:05:23 status half-installed g++:amd64 4:5.3.1-1ubuntu1
2016-05-02 16:05:23 status unpacked g++:amd64 4:5.3.1-1ubuntu1
2016-05-02 16:05:23 status unpacked g++:amd64 4:5.3.1-1ubuntu1
2016-05-02 16:05:23 install make:amd64 <none> 4.1-6
2016-05-02 16:05:23 status half-installed make:amd64 4.1-6
2016-05-02 16:05:23 status unpacked make:amd64 4.1-6
2016-05-02 16:05:24 status unpacked make:amd64 4.1-6
2016-05-02 16:05:24 install libdpkg-perl:all <none> 1.18.4ubuntu1
2016-05-02 16:05:24 status half-installed libdpkg-perl:all 1.18.4ubuntu1
2016-05-02 16:05:24 status unpacked libdpkg-perl:all 1.18.4ubuntu1
2016-05-02 16:05:24 status unpacked libdpkg-perl:all 1.18.4ubuntu1
2016-05-02 16:05:24 install xz-utils:amd64 <none> 5.1.1alpha+20120614-2ubuntu2
2016-05-02 16:05:24 status half-installed xz-utils:amd64 5.1.1alpha+20120614-2ubuntu2
2016-05-02 16:05:24 status unpacked xz-utils:amd64 5.1.1alpha+20120614-2ubuntu2
2016-05-02 16:05:24 status unpacked xz-utils:amd64 5.1.1alpha+20120614-2ubuntu2
2016-05-02 16:05:25 install patch:amd64 <none> 2.7.5-1
2016-05-02 16:05:25 status half-installed patch:amd64 2.7.5-1
2016-05-02 16:05:25 status unpacked patch:amd64 2.7.5-1
2016-05-02 16:05:25 status unpacked patch:amd64 2.7.5-1
2016-05-02 16:05:25 install dpkg-dev:all <none> 1.18.4ubuntu1
2016-05-02 16:05:25 status half-installed dpkg-dev:all 1.18.4ubuntu1
2016-05-02 16:05:26 status unpacked dpkg-dev:all 1.18.4ubuntu1
2016-05-02 16:05:26 status unpacked dpkg-dev:all 1.18.4ubuntu1
2016-05-02 16:05:26 install build-essential:amd64 <none> 12.1ubuntu2
2016-05-02 16:05:26 status half-installed build-essential:amd64 12.1ubuntu2
2016-05-02 16:05:26 status unpacked build-essential:amd64 12.1ubuntu2
2016-05-02 16:05:26 status unpacked build-essential:amd64 12.1ubuntu2
2016-05-02 16:05:26 install curl:amd64 <none> 7.47.0-1ubuntu2
2016-05-02 16:05:26 status half-installed curl:amd64 7.47.0-1ubuntu2
2016-05-02 16:05:27 status unpacked curl:amd64 7.47.0-1ubuntu2
2016-05-02 16:05:27 status unpacked curl:amd64 7.47.0-1ubuntu2
2016-05-02 16:05:27 install geoip-bin:amd64 <none> 1.6.9-1
2016-05-02 16:05:27 status half-installed geoip-bin:amd64 1.6.9-1
2016-05-02 16:05:27 status unpacked geoip-bin:amd64 1.6.9-1
2016-05-02 16:05:27 status unpacked geoip-bin:amd64 1.6.9-1
2016-05-02 16:05:27 install libaio1:amd64 <none> 0.3.110-2
2016-05-02 16:05:27 status half-installed libaio1:amd64 0.3.110-2
2016-05-02 16:05:28 status unpacked libaio1:amd64 0.3.110-2
2016-05-02 16:05:28 status unpacked libaio1:amd64 0.3.110-2
2016-05-02 16:05:28 install libaio-dev:amd64 <none> 0.3.110-2
2016-05-02 16:05:28 status half-installed libaio-dev:amd64 0.3.110-2
2016-05-02 16:05:29 status unpacked libaio-dev:amd64 0.3.110-2
2016-05-02 16:05:29 status unpacked libaio-dev:amd64 0.3.110-2
2016-05-02 16:05:29 install libgeoip-dev:amd64 <none> 1.6.9-1
2016-05-02 16:05:29 status half-installed libgeoip-dev:amd64 1.6.9-1
2016-05-02 16:05:30 status unpacked libgeoip-dev:amd64 1.6.9-1
2016-05-02 16:05:30 status unpacked libgeoip-dev:amd64 1.6.9-1
2016-05-02 16:05:30 install libluajit-5.1-common:all <none> 2.0.4+dfsg-1
2016-05-02 16:05:30 status half-installed libluajit-5.1-common:all 2.0.4+dfsg-1
2016-05-02 16:05:31 status unpacked libluajit-5.1-common:all 2.0.4+dfsg-1
2016-05-02 16:05:31 status unpacked libluajit-5.1-common:all 2.0.4+dfsg-1
2016-05-02 16:05:31 install libluajit-5.1-2:amd64 <none> 2.0.4+dfsg-1
2016-05-02 16:05:31 status half-installed libluajit-5.1-2:amd64 2.0.4+dfsg-1
2016-05-02 16:05:31 status unpacked libluajit-5.1-2:amd64 2.0.4+dfsg-1
2016-05-02 16:05:31 status unpacked libluajit-5.1-2:amd64 2.0.4+dfsg-1
2016-05-02 16:05:31 install libluajit-5.1-dev:amd64 <none> 2.0.4+dfsg-1
2016-05-02 16:05:31 status half-installed libluajit-5.1-dev:amd64 2.0.4+dfsg-1
2016-05-02 16:05:31 status unpacked libluajit-5.1-dev:amd64 2.0.4+dfsg-1
2016-05-02 16:05:31 status unpacked libluajit-5.1-dev:amd64 2.0.4+dfsg-1
2016-05-02 16:05:32 install libpcre16-3:amd64 <none> 2:8.38-3.1
2016-05-02 16:05:32 status half-installed libpcre16-3:amd64 2:8.38-3.1
2016-05-02 16:05:32 status unpacked libpcre16-3:amd64 2:8.38-3.1
2016-05-02 16:05:32 status unpacked libpcre16-3:amd64 2:8.38-3.1
2016-05-02 16:05:32 install libpcre32-3:amd64 <none> 2:8.38-3.1
2016-05-02 16:05:32 status half-installed libpcre32-3:amd64 2:8.38-3.1
2016-05-02 16:05:33 status unpacked libpcre32-3:amd64 2:8.38-3.1
2016-05-02 16:05:33 status unpacked libpcre32-3:amd64 2:8.38-3.1
2016-05-02 16:05:33 install libpcre3-dev:amd64 <none> 2:8.38-3.1
2016-05-02 16:05:33 status half-installed libpcre3-dev:amd64 2:8.38-3.1
2016-05-02 16:05:34 status unpacked libpcre3-dev:amd64 2:8.38-3.1
2016-05-02 16:05:34 status unpacked libpcre3-dev:amd64 2:8.38-3.1
2016-05-02 16:05:34 install zlib1g-dev:amd64 <none> 1:1.2.8.dfsg-2ubuntu4
2016-05-02 16:05:34 status half-installed zlib1g-dev:amd64 1:1.2.8.dfsg-2ubuntu4
2016-05-02 16:05:34 status unpacked zlib1g-dev:amd64 1:1.2.8.dfsg-2ubuntu4
2016-05-02 16:05:34 status unpacked zlib1g-dev:amd64 1:1.2.8.dfsg-2ubuntu4
2016-05-02 16:05:34 install libssl-dev:amd64 <none> 1.0.2g-1ubuntu4
2016-05-02 16:05:34 status half-installed libssl-dev:amd64 1.0.2g-1ubuntu4
2016-05-02 16:05:34 status unpacked libssl-dev:amd64 1.0.2g-1ubuntu4
2016-05-02 16:05:35 status unpacked libssl-dev:amd64 1.0.2g-1ubuntu4
2016-05-02 16:05:35 install linux-headers-4.4.0-21:all <none> 4.4.0-21.37
2016-05-02 16:05:35 status half-installed linux-headers-4.4.0-21:all 4.4.0-21.37
2016-05-02 16:05:38 status unpacked linux-headers-4.4.0-21:all 4.4.0-21.37
2016-05-02 16:05:38 status unpacked linux-headers-4.4.0-21:all 4.4.0-21.37
2016-05-02 16:05:38 install linux-headers-4.4.0-21-generic:amd64 <none> 4.4.0-21.37
2016-05-02 16:05:38 status half-installed linux-headers-4.4.0-21-generic:amd64 4.4.0-21.37
2016-05-02 16:05:40 status unpacked linux-headers-4.4.0-21-generic:amd64 4.4.0-21.37
2016-05-02 16:05:40 status unpacked linux-headers-4.4.0-21-generic:amd64 4.4.0-21.37
2016-05-02 16:05:40 install linux-headers-generic:amd64 <none> 4.4.0.21.22
2016-05-02 16:05:40 status half-installed linux-headers-generic:amd64 4.4.0.21.22
2016-05-02 16:05:40 status unpacked linux-headers-generic:amd64 4.4.0.21.22
2016-05-02 16:05:40 status unpacked linux-headers-generic:amd64 4.4.0.21.22
2016-05-02 16:05:40 install luajit:amd64 <none> 2.0.4+dfsg-1
2016-05-02 16:05:40 status half-installed luajit:amd64 2.0.4+dfsg-1
2016-05-02 16:05:41 status unpacked luajit:amd64 2.0.4+dfsg-1
2016-05-02 16:05:41 status unpacked luajit:amd64 2.0.4+dfsg-1
2016-05-02 16:05:41 trigproc libc-bin:amd64 2.23-0ubuntu3 <none>
2016-05-02 16:05:41 status half-configured libc-bin:amd64 2.23-0ubuntu3
2016-05-02 16:05:41 status installed libc-bin:amd64 2.23-0ubuntu3
2016-05-02 16:05:41 startup packages configure
2016-05-02 16:05:41 configure libgdbm3:amd64 1.8.3-13.1 <none>
2016-05-02 16:05:41 status unpacked libgdbm3:amd64 1.8.3-13.1
2016-05-02 16:05:42 status half-configured libgdbm3:amd64 1.8.3-13.1
2016-05-02 16:05:42 status installed libgdbm3:amd64 1.8.3-13.1
2016-05-02 16:05:42 status triggers-pending libc-bin:amd64 2.23-0ubuntu3
2016-05-02 16:05:42 configure libpcrecpp0v5:amd64 2:8.38-3.1 <none>
2016-05-02 16:05:42 status unpacked libpcrecpp0v5:amd64 2:8.38-3.1
2016-05-02 16:05:42 status half-configured libpcrecpp0v5:amd64 2:8.38-3.1
2016-05-02 16:05:42 status installed libpcrecpp0v5:amd64 2:8.38-3.1
2016-05-02 16:05:42 configure perl-modules-5.22:all 5.22.1-9 <none>
2016-05-02 16:05:42 status unpacked perl-modules-5.22:all 5.22.1-9
2016-05-02 16:05:42 status half-configured perl-modules-5.22:all 5.22.1-9
2016-05-02 16:05:42 status installed perl-modules-5.22:all 5.22.1-9
2016-05-02 16:05:42 configure libperl5.22:amd64 5.22.1-9 <none>
2016-05-02 16:05:42 status unpacked libperl5.22:amd64 5.22.1-9
2016-05-02 16:05:42 status half-configured libperl5.22:amd64 5.22.1-9
2016-05-02 16:05:42 status installed libperl5.22:amd64 5.22.1-9
2016-05-02 16:05:42 configure perl:amd64 5.22.1-9 <none>
2016-05-02 16:05:42 status unpacked perl:amd64 5.22.1-9
2016-05-02 16:05:42 status unpacked perl:amd64 5.22.1-9
2016-05-02 16:05:43 status half-configured perl:amd64 5.22.1-9
2016-05-02 16:05:43 status installed perl:amd64 5.22.1-9
2016-05-02 16:05:43 configure libgmp10:amd64 2:6.1.0+dfsg-2 <none>
2016-05-02 16:05:43 status unpacked libgmp10:amd64 2:6.1.0+dfsg-2
2016-05-02 16:05:43 status half-configured libgmp10:amd64 2:6.1.0+dfsg-2
2016-05-02 16:05:43 status installed libgmp10:amd64 2:6.1.0+dfsg-2
2016-05-02 16:05:43 configure libmpfr4:amd64 3.1.4-1 <none>
2016-05-02 16:05:43 status unpacked libmpfr4:amd64 3.1.4-1
2016-05-02 16:05:43 status half-configured libmpfr4:amd64 3.1.4-1
2016-05-02 16:05:43 status installed libmpfr4:amd64 3.1.4-1
2016-05-02 16:05:43 configure libmpc3:amd64 1.0.3-1 <none>
2016-05-02 16:05:43 status unpacked libmpc3:amd64 1.0.3-1
2016-05-02 16:05:43 status half-configured libmpc3:amd64 1.0.3-1
2016-05-02 16:05:43 status installed libmpc3:amd64 1.0.3-1
2016-05-02 16:05:44 configure bzip2:amd64 1.0.6-8 <none>
2016-05-02 16:05:44 status unpacked bzip2:amd64 1.0.6-8
2016-05-02 16:05:44 status half-configured bzip2:amd64 1.0.6-8
2016-05-02 16:05:44 status installed bzip2:amd64 1.0.6-8
2016-05-02 16:05:44 configure libffi6:amd64 3.2.1-4 <none>
2016-05-02 16:05:44 status unpacked libffi6:amd64 3.2.1-4
2016-05-02 16:05:44 status half-configured libffi6:amd64 3.2.1-4
2016-05-02 16:05:44 status installed libffi6:amd64 3.2.1-4
2016-05-02 16:05:44 configure libnettle6:amd64 3.2-1 <none>
2016-05-02 16:05:44 status unpacked libnettle6:amd64 3.2-1
2016-05-02 16:05:44 status half-configured libnettle6:amd64 3.2-1
2016-05-02 16:05:44 status installed libnettle6:amd64 3.2-1
2016-05-02 16:05:44 configure libhogweed4:amd64 3.2-1 <none>
2016-05-02 16:05:44 status unpacked libhogweed4:amd64 3.2-1
2016-05-02 16:05:44 status half-configured libhogweed4:amd64 3.2-1
2016-05-02 16:05:44 status installed libhogweed4:amd64 3.2-1
2016-05-02 16:05:45 configure libidn11:amd64 1.32-3ubuntu1 <none>
2016-05-02 16:05:45 status unpacked libidn11:amd64 1.32-3ubuntu1
2016-05-02 16:05:45 status half-configured libidn11:amd64 1.32-3ubuntu1
2016-05-02 16:05:45 status installed libidn11:amd64 1.32-3ubuntu1
2016-05-02 16:05:45 configure libp11-kit0:amd64 0.23.2-3 <none>
2016-05-02 16:05:45 status unpacked libp11-kit0:amd64 0.23.2-3
2016-05-02 16:05:45 status half-configured libp11-kit0:amd64 0.23.2-3
2016-05-02 16:05:45 status installed libp11-kit0:amd64 0.23.2-3
2016-05-02 16:05:45 configure libtasn1-6:amd64 4.7-3 <none>
2016-05-02 16:05:45 status unpacked libtasn1-6:amd64 4.7-3
2016-05-02 16:05:45 status half-configured libtasn1-6:amd64 4.7-3
2016-05-02 16:05:45 status installed libtasn1-6:amd64 4.7-3
2016-05-02 16:05:45 configure libgnutls30:amd64 3.4.10-4ubuntu1 <none>
2016-05-02 16:05:45 status unpacked libgnutls30:amd64 3.4.10-4ubuntu1
2016-05-02 16:05:45 status half-configured libgnutls30:amd64 3.4.10-4ubuntu1
2016-05-02 16:05:45 status installed libgnutls30:amd64 3.4.10-4ubuntu1
2016-05-02 16:05:45 configure libsqlite3-0:amd64 3.11.0-1ubuntu1 <none>
2016-05-02 16:05:45 status unpacked libsqlite3-0:amd64 3.11.0-1ubuntu1
2016-05-02 16:05:45 status half-configured libsqlite3-0:amd64 3.11.0-1ubuntu1
2016-05-02 16:05:46 status installed libsqlite3-0:amd64 3.11.0-1ubuntu1
2016-05-02 16:05:46 configure libssl1.0.0:amd64 1.0.2g-1ubuntu4 <none>
2016-05-02 16:05:46 status unpacked libssl1.0.0:amd64 1.0.2g-1ubuntu4
2016-05-02 16:05:46 status half-configured libssl1.0.0:amd64 1.0.2g-1ubuntu4
2016-05-02 16:05:46 status installed libssl1.0.0:amd64 1.0.2g-1ubuntu4
2016-05-02 16:05:46 configure openssl:amd64 1.0.2g-1ubuntu4 <none>
2016-05-02 16:05:46 status unpacked openssl:amd64 1.0.2g-1ubuntu4
2016-05-02 16:05:46 status unpacked openssl:amd64 1.0.2g-1ubuntu4
2016-05-02 16:05:47 status half-configured openssl:amd64 1.0.2g-1ubuntu4
2016-05-02 16:05:47 status installed openssl:amd64 1.0.2g-1ubuntu4
2016-05-02 16:05:47 configure ca-certificates:all 20160104ubuntu1 <none>
2016-05-02 16:05:47 status unpacked ca-certificates:all 20160104ubuntu1
2016-05-02 16:05:47 status half-configured ca-certificates:all 20160104ubuntu1
2016-05-02 16:05:48 status installed ca-certificates:all 20160104ubuntu1
2016-05-02 16:05:48 status triggers-pending ca-certificates:all 20160104ubuntu1
2016-05-02 16:05:48 configure libroken18-heimdal:amd64 1.7~git20150920+dfsg-4ubuntu1 <none>
2016-05-02 16:05:48 status unpacked libroken18-heimdal:amd64 1.7~git20150920+dfsg-4ubuntu1
2016-05-02 16:05:48 status half-configured libroken18-heimdal:amd64 1.7~git20150920+dfsg-4ubuntu1
2016-05-02 16:05:48 status installed libroken18-heimdal:amd64 1.7~git20150920+dfsg-4ubuntu1
2016-05-02 16:05:48 configure libasn1-8-heimdal:amd64 1.7~git20150920+dfsg-4ubuntu1 <none>
2016-05-02 16:05:48 status unpacked libasn1-8-heimdal:amd64 1.7~git20150920+dfsg-4ubuntu1
2016-05-02 16:05:48 status half-configured libasn1-8-heimdal:amd64 1.7~git20150920+dfsg-4ubuntu1
2016-05-02 16:05:48 status installed libasn1-8-heimdal:amd64 1.7~git20150920+dfsg-4ubuntu1
2016-05-02 16:05:48 configure libkrb5support0:amd64 1.13.2+dfsg-5 <none>
2016-05-02 16:05:48 status unpacked libkrb5support0:amd64 1.13.2+dfsg-5
2016-05-02 16:05:49 status half-configured libkrb5support0:amd64 1.13.2+dfsg-5
2016-05-02 16:05:49 status installed libkrb5support0:amd64 1.13.2+dfsg-5
2016-05-02 16:05:49 configure libk5crypto3:amd64 1.13.2+dfsg-5 <none>
2016-05-02 16:05:49 status unpacked libk5crypto3:amd64 1.13.2+dfsg-5
2016-05-02 16:05:49 status half-configured libk5crypto3:amd64 1.13.2+dfsg-5
2016-05-02 16:05:49 status installed libk5crypto3:amd64 1.13.2+dfsg-5
2016-05-02 16:05:49 configure libkeyutils1:amd64 1.5.9-8ubuntu1 <none>
2016-05-02 16:05:49 status unpacked libkeyutils1:amd64 1.5.9-8ubuntu1
2016-05-02 16:05:49 status half-configured libkeyutils1:amd64 1.5.9-8ubuntu1
2016-05-02 16:05:49 status installed libkeyutils1:amd64 1.5.9-8ubuntu1
2016-05-02 16:05:49 configure libkrb5-3:amd64 1.13.2+dfsg-5 <none>
2016-05-02 16:05:49 status unpacked libkrb5-3:amd64 1.13.2+dfsg-5
2016-05-02 16:05:49 status half-configured libkrb5-3:amd64 1.13.2+dfsg-5
2016-05-02 16:05:49 status installed libkrb5-3:amd64 1.13.2+dfsg-5
2016-05-02 16:05:49 configure libgssapi-krb5-2:amd64 1.13.2+dfsg-5 <none>
2016-05-02 16:05:49 status unpacked libgssapi-krb5-2:amd64 1.13.2+dfsg-5
2016-05-02 16:05:49 status unpacked libgssapi-krb5-2:amd64 1.13.2+dfsg-5
2016-05-02 16:05:49 status half-configured libgssapi-krb5-2:amd64 1.13.2+dfsg-5
2016-05-02 16:05:49 status installed libgssapi-krb5-2:amd64 1.13.2+dfsg-5
2016-05-02 16:05:49 configure libhcrypto4-heimdal:amd64 1.7~git20150920+dfsg-4ubuntu1 <none>
2016-05-02 16:05:49 status unpacked libhcrypto4-heimdal:amd64 1.7~git20150920+dfsg-4ubuntu1
2016-05-02 16:05:50 status half-configured libhcrypto4-heimdal:amd64 1.7~git20150920+dfsg-4ubuntu1
2016-05-02 16:05:50 status installed libhcrypto4-heimdal:amd64 1.7~git20150920+dfsg-4ubuntu1
2016-05-02 16:05:50 configure libheimbase1-heimdal:amd64 1.7~git20150920+dfsg-4ubuntu1 <none>
2016-05-02 16:05:50 status unpacked libheimbase1-heimdal:amd64 1.7~git20150920+dfsg-4ubuntu1
2016-05-02 16:05:50 status half-configured libheimbase1-heimdal:amd64 1.7~git20150920+dfsg-4ubuntu1
2016-05-02 16:05:50 status installed libheimbase1-heimdal:amd64 1.7~git20150920+dfsg-4ubuntu1
2016-05-02 16:05:50 configure libwind0-heimdal:amd64 1.7~git20150920+dfsg-4ubuntu1 <none>
2016-05-02 16:05:50 status unpacked libwind0-heimdal:amd64 1.7~git20150920+dfsg-4ubuntu1
2016-05-02 16:05:50 status half-configured libwind0-heimdal:amd64 1.7~git20150920+dfsg-4ubuntu1
2016-05-02 16:05:50 status installed libwind0-heimdal:amd64 1.7~git20150920+dfsg-4ubuntu1
2016-05-02 16:05:50 configure libhx509-5-heimdal:amd64 1.7~git20150920+dfsg-4ubuntu1 <none>
2016-05-02 16:05:50 status unpacked libhx509-5-heimdal:amd64 1.7~git20150920+dfsg-4ubuntu1
2016-05-02 16:05:50 status half-configured libhx509-5-heimdal:amd64 1.7~git20150920+dfsg-4ubuntu1
2016-05-02 16:05:50 status installed libhx509-5-heimdal:amd64 1.7~git20150920+dfsg-4ubuntu1
2016-05-02 16:05:50 configure libkrb5-26-heimdal:amd64 1.7~git20150920+dfsg-4ubuntu1 <none>
2016-05-02 16:05:50 status unpacked libkrb5-26-heimdal:amd64 1.7~git20150920+dfsg-4ubuntu1
2016-05-02 16:05:50 status half-configured libkrb5-26-heimdal:amd64 1.7~git20150920+dfsg-4ubuntu1
2016-05-02 16:05:50 status installed libkrb5-26-heimdal:amd64 1.7~git20150920+dfsg-4ubuntu1
2016-05-02 16:05:51 configure libheimntlm0-heimdal:amd64 1.7~git20150920+dfsg-4ubuntu1 <none>
2016-05-02 16:05:51 status unpacked libheimntlm0-heimdal:amd64 1.7~git20150920+dfsg-4ubuntu1
2016-05-02 16:05:52 status half-configured libheimntlm0-heimdal:amd64 1.7~git20150920+dfsg-4ubuntu1
2016-05-02 16:05:52 status installed libheimntlm0-heimdal:amd64 1.7~git20150920+dfsg-4ubuntu1
2016-05-02 16:05:52 configure libgssapi3-heimdal:amd64 1.7~git20150920+dfsg-4ubuntu1 <none>
2016-05-02 16:05:52 status unpacked libgssapi3-heimdal:amd64 1.7~git20150920+dfsg-4ubuntu1
2016-05-02 16:05:52 status half-configured libgssapi3-heimdal:amd64 1.7~git20150920+dfsg-4ubuntu1
2016-05-02 16:05:52 status installed libgssapi3-heimdal:amd64 1.7~git20150920+dfsg-4ubuntu1
2016-05-02 16:05:52 configure libsasl2-modules-db:amd64 2.1.26.dfsg1-14build1 <none>
2016-05-02 16:05:52 status unpacked libsasl2-modules-db:amd64 2.1.26.dfsg1-14build1
2016-05-02 16:05:52 status half-configured libsasl2-modules-db:amd64 2.1.26.dfsg1-14build1
2016-05-02 16:05:52 status installed libsasl2-modules-db:amd64 2.1.26.dfsg1-14build1
2016-05-02 16:05:52 configure libsasl2-2:amd64 2.1.26.dfsg1-14build1 <none>
2016-05-02 16:05:52 status unpacked libsasl2-2:amd64 2.1.26.dfsg1-14build1
2016-05-02 16:05:53 status half-configured libsasl2-2:amd64 2.1.26.dfsg1-14build1
2016-05-02 16:05:53 status installed libsasl2-2:amd64 2.1.26.dfsg1-14build1
2016-05-02 16:05:53 configure libldap-2.4-2:amd64 2.4.42+dfsg-2ubuntu3 <none>
2016-05-02 16:05:53 status unpacked libldap-2.4-2:amd64 2.4.42+dfsg-2ubuntu3
2016-05-02 16:05:53 status unpacked libldap-2.4-2:amd64 2.4.42+dfsg-2ubuntu3
2016-05-02 16:05:53 status half-configured libldap-2.4-2:amd64 2.4.42+dfsg-2ubuntu3
2016-05-02 16:05:53 status installed libldap-2.4-2:amd64 2.4.42+dfsg-2ubuntu3
2016-05-02 16:05:53 configure librtmp1:amd64 2.4+20151223.gitfa8646d-1build1 <none>
2016-05-02 16:05:53 status unpacked librtmp1:amd64 2.4+20151223.gitfa8646d-1build1
2016-05-02 16:05:53 status half-configured librtmp1:amd64 2.4+20151223.gitfa8646d-1build1
2016-05-02 16:05:53 status installed librtmp1:amd64 2.4+20151223.gitfa8646d-1build1
2016-05-02 16:05:53 configure libcurl3-gnutls:amd64 7.47.0-1ubuntu2 <none>
2016-05-02 16:05:53 status unpacked libcurl3-gnutls:amd64 7.47.0-1ubuntu2
2016-05-02 16:05:53 status half-configured libcurl3-gnutls:amd64 7.47.0-1ubuntu2
2016-05-02 16:05:53 status installed libcurl3-gnutls:amd64 7.47.0-1ubuntu2
2016-05-02 16:05:53 configure libgeoip1:amd64 1.6.9-1 <none>
2016-05-02 16:05:53 status unpacked libgeoip1:amd64 1.6.9-1
2016-05-02 16:05:53 status half-configured libgeoip1:amd64 1.6.9-1
2016-05-02 16:05:53 status installed libgeoip1:amd64 1.6.9-1
2016-05-02 16:05:54 configure binutils:amd64 2.26-8ubuntu2 <none>
2016-05-02 16:05:54 status unpacked binutils:amd64 2.26-8ubuntu2
2016-05-02 16:05:54 status half-configured binutils:amd64 2.26-8ubuntu2
2016-05-02 16:05:54 status installed binutils:amd64 2.26-8ubuntu2
2016-05-02 16:05:54 configure libc-dev-bin:amd64 2.23-0ubuntu3 <none>
2016-05-02 16:05:54 status unpacked libc-dev-bin:amd64 2.23-0ubuntu3
2016-05-02 16:05:54 status half-configured libc-dev-bin:amd64 2.23-0ubuntu3
2016-05-02 16:05:54 status installed libc-dev-bin:amd64 2.23-0ubuntu3
2016-05-02 16:05:54 configure linux-libc-dev:amd64 4.4.0-21.37 <none>
2016-05-02 16:05:54 status unpacked linux-libc-dev:amd64 4.4.0-21.37
2016-05-02 16:05:54 status half-configured linux-libc-dev:amd64 4.4.0-21.37
2016-05-02 16:05:54 status installed linux-libc-dev:amd64 4.4.0-21.37
2016-05-02 16:05:54 configure libc6-dev:amd64 2.23-0ubuntu3 <none>
2016-05-02 16:05:54 status unpacked libc6-dev:amd64 2.23-0ubuntu3
2016-05-02 16:05:54 status half-configured libc6-dev:amd64 2.23-0ubuntu3
2016-05-02 16:05:54 status installed libc6-dev:amd64 2.23-0ubuntu3
2016-05-02 16:05:54 configure libisl15:amd64 0.16.1-1 <none>
2016-05-02 16:05:54 status unpacked libisl15:amd64 0.16.1-1
2016-05-02 16:05:54 status half-configured libisl15:amd64 0.16.1-1
2016-05-02 16:05:54 status installed libisl15:amd64 0.16.1-1
2016-05-02 16:05:54 configure cpp-5:amd64 5.3.1-14ubuntu2 <none>
2016-05-02 16:05:54 status unpacked cpp-5:amd64 5.3.1-14ubuntu2
2016-05-02 16:05:54 status half-configured cpp-5:amd64 5.3.1-14ubuntu2
2016-05-02 16:05:54 status installed cpp-5:amd64 5.3.1-14ubuntu2
2016-05-02 16:05:55 configure cpp:amd64 4:5.3.1-1ubuntu1 <none>
2016-05-02 16:05:55 status unpacked cpp:amd64 4:5.3.1-1ubuntu1
2016-05-02 16:05:55 status half-configured cpp:amd64 4:5.3.1-1ubuntu1
2016-05-02 16:05:55 status installed cpp:amd64 4:5.3.1-1ubuntu1
2016-05-02 16:05:55 configure libcc1-0:amd64 5.3.1-14ubuntu2 <none>
2016-05-02 16:05:55 status unpacked libcc1-0:amd64 5.3.1-14ubuntu2
2016-05-02 16:05:55 status half-configured libcc1-0:amd64 5.3.1-14ubuntu2
2016-05-02 16:05:55 status installed libcc1-0:amd64 5.3.1-14ubuntu2
2016-05-02 16:05:55 configure libgomp1:amd64 5.3.1-14ubuntu2 <none>
2016-05-02 16:05:55 status unpacked libgomp1:amd64 5.3.1-14ubuntu2
2016-05-02 16:05:55 status half-configured libgomp1:amd64 5.3.1-14ubuntu2
2016-05-02 16:05:55 status installed libgomp1:amd64 5.3.1-14ubuntu2
2016-05-02 16:05:55 configure libitm1:amd64 5.3.1-14ubuntu2 <none>
2016-05-02 16:05:55 status unpacked libitm1:amd64 5.3.1-14ubuntu2
2016-05-02 16:05:55 status half-configured libitm1:amd64 5.3.1-14ubuntu2
2016-05-02 16:05:55 status installed libitm1:amd64 5.3.1-14ubuntu2
2016-05-02 16:05:55 configure libatomic1:amd64 5.3.1-14ubuntu2 <none>
2016-05-02 16:05:55 status unpacked libatomic1:amd64 5.3.1-14ubuntu2
2016-05-02 16:05:55 status half-configured libatomic1:amd64 5.3.1-14ubuntu2
2016-05-02 16:05:55 status installed libatomic1:amd64 5.3.1-14ubuntu2
2016-05-02 16:05:55 configure libasan2:amd64 5.3.1-14ubuntu2 <none>
2016-05-02 16:05:55 status unpacked libasan2:amd64 5.3.1-14ubuntu2
2016-05-02 16:05:55 status half-configured libasan2:amd64 5.3.1-14ubuntu2
2016-05-02 16:05:55 status installed libasan2:amd64 5.3.1-14ubuntu2
2016-05-02 16:05:56 configure liblsan0:amd64 5.3.1-14ubuntu2 <none>
2016-05-02 16:05:56 status unpacked liblsan0:amd64 5.3.1-14ubuntu2
2016-05-02 16:05:56 status half-configured liblsan0:amd64 5.3.1-14ubuntu2
2016-05-02 16:05:56 status installed liblsan0:amd64 5.3.1-14ubuntu2
2016-05-02 16:05:56 configure libtsan0:amd64 5.3.1-14ubuntu2 <none>
2016-05-02 16:05:56 status unpacked libtsan0:amd64 5.3.1-14ubuntu2
2016-05-02 16:05:56 status half-configured libtsan0:amd64 5.3.1-14ubuntu2
2016-05-02 16:05:56 status installed libtsan0:amd64 5.3.1-14ubuntu2
2016-05-02 16:05:56 configure libubsan0:amd64 5.3.1-14ubuntu2 <none>
2016-05-02 16:05:56 status unpacked libubsan0:amd64 5.3.1-14ubuntu2
2016-05-02 16:05:56 status half-configured libubsan0:amd64 5.3.1-14ubuntu2
2016-05-02 16:05:56 status installed libubsan0:amd64 5.3.1-14ubuntu2
2016-05-02 16:05:56 configure libcilkrts5:amd64 5.3.1-14ubuntu2 <none>
2016-05-02 16:05:56 status unpacked libcilkrts5:amd64 5.3.1-14ubuntu2
2016-05-02 16:05:56 status half-configured libcilkrts5:amd64 5.3.1-14ubuntu2
2016-05-02 16:05:56 status installed libcilkrts5:amd64 5.3.1-14ubuntu2
2016-05-02 16:05:56 configure libmpx0:amd64 5.3.1-14ubuntu2 <none>
2016-05-02 16:05:56 status unpacked libmpx0:amd64 5.3.1-14ubuntu2
2016-05-02 16:05:56 status half-configured libmpx0:amd64 5.3.1-14ubuntu2
2016-05-02 16:05:56 status installed libmpx0:amd64 5.3.1-14ubuntu2
2016-05-02 16:05:56 configure libquadmath0:amd64 5.3.1-14ubuntu2 <none>
2016-05-02 16:05:56 status unpacked libquadmath0:amd64 5.3.1-14ubuntu2
2016-05-02 16:05:57 status half-configured libquadmath0:amd64 5.3.1-14ubuntu2
2016-05-02 16:05:57 status installed libquadmath0:amd64 5.3.1-14ubuntu2
2016-05-02 16:05:57 configure libgcc-5-dev:amd64 5.3.1-14ubuntu2 <none>
2016-05-02 16:05:57 status unpacked libgcc-5-dev:amd64 5.3.1-14ubuntu2
2016-05-02 16:05:57 status half-configured libgcc-5-dev:amd64 5.3.1-14ubuntu2
2016-05-02 16:05:57 status installed libgcc-5-dev:amd64 5.3.1-14ubuntu2
2016-05-02 16:05:57 configure gcc-5:amd64 5.3.1-14ubuntu2 <none>
2016-05-02 16:05:57 status unpacked gcc-5:amd64 5.3.1-14ubuntu2
2016-05-02 16:05:57 status half-configured gcc-5:amd64 5.3.1-14ubuntu2
2016-05-02 16:05:57 status installed gcc-5:amd64 5.3.1-14ubuntu2
2016-05-02 16:05:57 configure gcc:amd64 4:5.3.1-1ubuntu1 <none>
2016-05-02 16:05:57 status unpacked gcc:amd64 4:5.3.1-1ubuntu1
2016-05-02 16:05:57 status half-configured gcc:amd64 4:5.3.1-1ubuntu1
2016-05-02 16:05:58 status installed gcc:amd64 4:5.3.1-1ubuntu1
2016-05-02 16:05:58 configure libstdc++-5-dev:amd64 5.3.1-14ubuntu2 <none>
2016-05-02 16:05:58 status unpacked libstdc++-5-dev:amd64 5.3.1-14ubuntu2
2016-05-02 16:05:58 status half-configured libstdc++-5-dev:amd64 5.3.1-14ubuntu2
2016-05-02 16:05:58 status installed libstdc++-5-dev:amd64 5.3.1-14ubuntu2
2016-05-02 16:05:58 configure g++-5:amd64 5.3.1-14ubuntu2 <none>
2016-05-02 16:05:58 status unpacked g++-5:amd64 5.3.1-14ubuntu2
2016-05-02 16:05:58 status half-configured g++-5:amd64 5.3.1-14ubuntu2
2016-05-02 16:05:58 status installed g++-5:amd64 5.3.1-14ubuntu2
2016-05-02 16:05:58 configure g++:amd64 4:5.3.1-1ubuntu1 <none>
2016-05-02 16:05:58 status unpacked g++:amd64 4:5.3.1-1ubuntu1
2016-05-02 16:05:58 status half-configured g++:amd64 4:5.3.1-1ubuntu1
2016-05-02 16:05:58 status installed g++:amd64 4:5.3.1-1ubuntu1
2016-05-02 16:05:58 configure make:amd64 4.1-6 <none>
2016-05-02 16:05:58 status unpacked make:amd64 4.1-6
2016-05-02 16:05:58 status half-configured make:amd64 4.1-6
2016-05-02 16:05:58 status installed make:amd64 4.1-6
2016-05-02 16:05:58 configure libdpkg-perl:all 1.18.4ubuntu1 <none>
2016-05-02 16:05:58 status unpacked libdpkg-perl:all 1.18.4ubuntu1
2016-05-02 16:05:58 status half-configured libdpkg-perl:all 1.18.4ubuntu1
2016-05-02 16:05:58 status installed libdpkg-perl:all 1.18.4ubuntu1
2016-05-02 16:05:58 configure xz-utils:amd64 5.1.1alpha+20120614-2ubuntu2 <none>
2016-05-02 16:05:58 status unpacked xz-utils:amd64 5.1.1alpha+20120614-2ubuntu2
2016-05-02 16:05:59 status half-configured xz-utils:amd64 5.1.1alpha+20120614-2ubuntu2
2016-05-02 16:05:59 status installed xz-utils:amd64 5.1.1alpha+20120614-2ubuntu2
2016-05-02 16:05:59 configure patch:amd64 2.7.5-1 <none>
2016-05-02 16:05:59 status unpacked patch:amd64 2.7.5-1
2016-05-02 16:05:59 status half-configured patch:amd64 2.7.5-1
2016-05-02 16:05:59 status installed patch:amd64 2.7.5-1
2016-05-02 16:05:59 configure dpkg-dev:all 1.18.4ubuntu1 <none>
2016-05-02 16:05:59 status unpacked dpkg-dev:all 1.18.4ubuntu1
2016-05-02 16:05:59 status unpacked dpkg-dev:all 1.18.4ubuntu1
2016-05-02 16:05:59 status unpacked dpkg-dev:all 1.18.4ubuntu1
2016-05-02 16:05:59 status half-configured dpkg-dev:all 1.18.4ubuntu1
2016-05-02 16:05:59 status installed dpkg-dev:all 1.18.4ubuntu1
2016-05-02 16:05:59 configure build-essential:amd64 12.1ubuntu2 <none>
2016-05-02 16:05:59 status unpacked build-essential:amd64 12.1ubuntu2
2016-05-02 16:05:59 status half-configured build-essential:amd64 12.1ubuntu2
2016-05-02 16:05:59 status installed build-essential:amd64 12.1ubuntu2
2016-05-02 16:05:59 configure curl:amd64 7.47.0-1ubuntu2 <none>
2016-05-02 16:05:59 status unpacked curl:amd64 7.47.0-1ubuntu2
2016-05-02 16:05:59 status half-configured curl:amd64 7.47.0-1ubuntu2
2016-05-02 16:05:59 status installed curl:amd64 7.47.0-1ubuntu2
2016-05-02 16:06:00 configure geoip-bin:amd64 1.6.9-1 <none>
2016-05-02 16:06:00 status unpacked geoip-bin:amd64 1.6.9-1
2016-05-02 16:06:00 status half-configured geoip-bin:amd64 1.6.9-1
2016-05-02 16:06:00 status installed geoip-bin:amd64 1.6.9-1
2016-05-02 16:06:00 configure libaio1:amd64 0.3.110-2 <none>
2016-05-02 16:06:00 status unpacked libaio1:amd64 0.3.110-2
2016-05-02 16:06:00 status half-configured libaio1:amd64 0.3.110-2
2016-05-02 16:06:00 status installed libaio1:amd64 0.3.110-2
2016-05-02 16:06:00 configure libaio-dev:amd64 0.3.110-2 <none>
2016-05-02 16:06:00 status unpacked libaio-dev:amd64 0.3.110-2
2016-05-02 16:06:00 status half-configured libaio-dev:amd64 0.3.110-2
2016-05-02 16:06:00 status installed libaio-dev:amd64 0.3.110-2
2016-05-02 16:06:00 configure libgeoip-dev:amd64 1.6.9-1 <none>
2016-05-02 16:06:00 status unpacked libgeoip-dev:amd64 1.6.9-1
2016-05-02 16:06:00 status half-configured libgeoip-dev:amd64 1.6.9-1
2016-05-02 16:06:00 status installed libgeoip-dev:amd64 1.6.9-1
2016-05-02 16:06:00 configure libluajit-5.1-common:all 2.0.4+dfsg-1 <none>
2016-05-02 16:06:00 status unpacked libluajit-5.1-common:all 2.0.4+dfsg-1
2016-05-02 16:06:00 status half-configured libluajit-5.1-common:all 2.0.4+dfsg-1
2016-05-02 16:06:01 status installed libluajit-5.1-common:all 2.0.4+dfsg-1
2016-05-02 16:06:01 configure libluajit-5.1-2:amd64 2.0.4+dfsg-1 <none>
2016-05-02 16:06:01 status unpacked libluajit-5.1-2:amd64 2.0.4+dfsg-1
2016-05-02 16:06:01 status half-configured libluajit-5.1-2:amd64 2.0.4+dfsg-1
2016-05-02 16:06:01 status installed libluajit-5.1-2:amd64 2.0.4+dfsg-1
2016-05-02 16:06:01 configure libluajit-5.1-dev:amd64 2.0.4+dfsg-1 <none>
2016-05-02 16:06:01 status unpacked libluajit-5.1-dev:amd64 2.0.4+dfsg-1
2016-05-02 16:06:01 status half-configured libluajit-5.1-dev:amd64 2.0.4+dfsg-1
2016-05-02 16:06:01 status installed libluajit-5.1-dev:amd64 2.0.4+dfsg-1
2016-05-02 16:06:01 configure libpcre16-3:amd64 2:8.38-3.1 <none>
2016-05-02 16:06:01 status unpacked libpcre16-3:amd64 2:8.38-3.1
2016-05-02 16:06:01 status half-configured libpcre16-3:amd64 2:8.38-3.1
2016-05-02 16:06:01 status installed libpcre16-3:amd64 2:8.38-3.1
2016-05-02 16:06:01 configure libpcre32-3:amd64 2:8.38-3.1 <none>
2016-05-02 16:06:01 status unpacked libpcre32-3:amd64 2:8.38-3.1
2016-05-02 16:06:01 status half-configured libpcre32-3:amd64 2:8.38-3.1
2016-05-02 16:06:01 status installed libpcre32-3:amd64 2:8.38-3.1
2016-05-02 16:06:01 configure libpcre3-dev:amd64 2:8.38-3.1 <none>
2016-05-02 16:06:01 status unpacked libpcre3-dev:amd64 2:8.38-3.1
2016-05-02 16:06:01 status half-configured libpcre3-dev:amd64 2:8.38-3.1
2016-05-02 16:06:02 status installed libpcre3-dev:amd64 2:8.38-3.1
2016-05-02 16:06:02 configure zlib1g-dev:amd64 1:1.2.8.dfsg-2ubuntu4 <none>
2016-05-02 16:06:02 status unpacked zlib1g-dev:amd64 1:1.2.8.dfsg-2ubuntu4
2016-05-02 16:06:02 status half-configured zlib1g-dev:amd64 1:1.2.8.dfsg-2ubuntu4
2016-05-02 16:06:02 status installed zlib1g-dev:amd64 1:1.2.8.dfsg-2ubuntu4
2016-05-02 16:06:02 configure libssl-dev:amd64 1.0.2g-1ubuntu4 <none>
2016-05-02 16:06:02 status unpacked libssl-dev:amd64 1.0.2g-1ubuntu4
2016-05-02 16:06:02 status half-configured libssl-dev:amd64 1.0.2g-1ubuntu4
2016-05-02 16:06:02 status installed libssl-dev:amd64 1.0.2g-1ubuntu4
2016-05-02 16:06:02 configure linux-headers-4.4.0-21:all 4.4.0-21.37 <none>
2016-05-02 16:06:02 status unpacked linux-headers-4.4.0-21:all 4.4.0-21.37
2016-05-02 16:06:02 status half-configured linux-headers-4.4.0-21:all 4.4.0-21.37
2016-05-02 16:06:02 status installed linux-headers-4.4.0-21:all 4.4.0-21.37
2016-05-02 16:06:02 configure linux-headers-4.4.0-21-generic:amd64 4.4.0-21.37 <none>
2016-05-02 16:06:02 status unpacked linux-headers-4.4.0-21-generic:amd64 4.4.0-21.37
2016-05-02 16:06:02 status half-configured linux-headers-4.4.0-21-generic:amd64 4.4.0-21.37
2016-05-02 16:06:02 status installed linux-headers-4.4.0-21-generic:amd64 4.4.0-21.37
2016-05-02 16:06:02 configure linux-headers-generic:amd64 4.4.0.21.22 <none>
2016-05-02 16:06:02 status unpacked linux-headers-generic:amd64 4.4.0.21.22
2016-05-02 16:06:03 status half-configured linux-headers-generic:amd64 4.4.0.21.22
2016-05-02 16:06:03 status installed linux-headers-generic:amd64 4.4.0.21.22
2016-05-02 16:06:03 configure luajit:amd64 2.0.4+dfsg-1 <none>
2016-05-02 16:06:03 status unpacked luajit:amd64 2.0.4+dfsg-1
2016-05-02 16:06:03 status half-configured luajit:amd64 2.0.4+dfsg-1
2016-05-02 16:06:03 status installed luajit:amd64 2.0.4+dfsg-1
2016-05-02 16:06:03 trigproc libc-bin:amd64 2.23-0ubuntu3 <none>
2016-05-02 16:06:03 status half-configured libc-bin:amd64 2.23-0ubuntu3
2016-05-02 16:06:03 status installed libc-bin:amd64 2.23-0ubuntu3
2016-05-02 16:06:03 trigproc ca-certificates:all 20160104ubuntu1 <none>
2016-05-02 16:06:03 status half-configured ca-certificates:all 20160104ubuntu1
2016-05-02 16:06:13 status installed ca-certificates:all 20160104ubuntu1
2016-05-02 16:06:14 startup packages configure
2016-05-02 16:07:37 startup packages purge
2016-05-02 16:07:37 status installed build-essential:amd64 12.1ubuntu2
2016-05-02 16:07:37 remove build-essential:amd64 12.1ubuntu2 <none>
2016-05-02 16:07:37 status half-configured build-essential:amd64 12.1ubuntu2
2016-05-02 16:07:37 status half-installed build-essential:amd64 12.1ubuntu2
2016-05-02 16:07:37 status config-files build-essential:amd64 12.1ubuntu2
2016-05-02 16:07:37 status config-files build-essential:amd64 12.1ubuntu2
2016-05-02 16:07:37 status config-files build-essential:amd64 12.1ubuntu2
2016-05-02 16:07:37 status not-installed build-essential:amd64 <none>
2016-05-02 16:07:37 status installed g++:amd64 4:5.3.1-1ubuntu1
2016-05-02 16:07:37 remove g++:amd64 4:5.3.1-1ubuntu1 <none>
2016-05-02 16:07:37 status half-configured g++:amd64 4:5.3.1-1ubuntu1
2016-05-02 16:07:37 status half-installed g++:amd64 4:5.3.1-1ubuntu1
2016-05-02 16:07:37 status config-files g++:amd64 4:5.3.1-1ubuntu1
2016-05-02 16:07:37 status config-files g++:amd64 4:5.3.1-1ubuntu1
2016-05-02 16:07:38 status config-files g++:amd64 4:5.3.1-1ubuntu1
2016-05-02 16:07:38 status not-installed g++:amd64 <none>
2016-05-02 16:07:38 status installed gcc:amd64 4:5.3.1-1ubuntu1
2016-05-02 16:07:38 remove gcc:amd64 4:5.3.1-1ubuntu1 <none>
2016-05-02 16:07:38 status half-configured gcc:amd64 4:5.3.1-1ubuntu1
2016-05-02 16:07:38 status half-installed gcc:amd64 4:5.3.1-1ubuntu1
2016-05-02 16:07:38 status config-files gcc:amd64 4:5.3.1-1ubuntu1
2016-05-02 16:07:38 status config-files gcc:amd64 4:5.3.1-1ubuntu1
2016-05-02 16:07:38 status config-files gcc:amd64 4:5.3.1-1ubuntu1
2016-05-02 16:07:38 status not-installed gcc:amd64 <none>
2016-05-02 16:07:38 status installed cpp:amd64 4:5.3.1-1ubuntu1
2016-05-02 16:07:38 remove cpp:amd64 4:5.3.1-1ubuntu1 <none>
2016-05-02 16:07:38 status half-configured cpp:amd64 4:5.3.1-1ubuntu1
2016-05-02 16:07:38 status half-installed cpp:amd64 4:5.3.1-1ubuntu1
2016-05-02 16:07:38 status config-files cpp:amd64 4:5.3.1-1ubuntu1
2016-05-02 16:07:38 status config-files cpp:amd64 4:5.3.1-1ubuntu1
2016-05-02 16:07:38 status config-files cpp:amd64 4:5.3.1-1ubuntu1
2016-05-02 16:07:39 status not-installed cpp:amd64 <none>
2016-05-02 16:07:39 status installed g++-5:amd64 5.3.1-14ubuntu2
2016-05-02 16:07:39 remove g++-5:amd64 5.3.1-14ubuntu2 <none>
2016-05-02 16:07:39 status half-configured g++-5:amd64 5.3.1-14ubuntu2
2016-05-02 16:07:39 status half-installed g++-5:amd64 5.3.1-14ubuntu2
2016-05-02 16:07:39 status config-files g++-5:amd64 5.3.1-14ubuntu2
2016-05-02 16:07:39 status config-files g++-5:amd64 5.3.1-14ubuntu2
2016-05-02 16:07:39 status config-files g++-5:amd64 5.3.1-14ubuntu2
2016-05-02 16:07:39 status not-installed g++-5:amd64 <none>
2016-05-02 16:07:39 status installed gcc-5:amd64 5.3.1-14ubuntu2
2016-05-02 16:07:39 remove gcc-5:amd64 5.3.1-14ubuntu2 <none>
2016-05-02 16:07:39 status half-configured gcc-5:amd64 5.3.1-14ubuntu2
2016-05-02 16:07:39 status half-installed gcc-5:amd64 5.3.1-14ubuntu2
2016-05-02 16:07:39 status config-files gcc-5:amd64 5.3.1-14ubuntu2
2016-05-02 16:07:39 status config-files gcc-5:amd64 5.3.1-14ubuntu2
2016-05-02 16:07:39 status config-files gcc-5:amd64 5.3.1-14ubuntu2
2016-05-02 16:07:39 status not-installed gcc-5:amd64 <none>
2016-05-02 16:07:39 status installed cpp-5:amd64 5.3.1-14ubuntu2
2016-05-02 16:07:40 remove cpp-5:amd64 5.3.1-14ubuntu2 <none>
2016-05-02 16:07:40 status half-configured cpp-5:amd64 5.3.1-14ubuntu2
2016-05-02 16:07:40 status half-installed cpp-5:amd64 5.3.1-14ubuntu2
2016-05-02 16:07:40 status config-files cpp-5:amd64 5.3.1-14ubuntu2
2016-05-02 16:07:40 status config-files cpp-5:amd64 5.3.1-14ubuntu2
2016-05-02 16:07:40 status config-files cpp-5:amd64 5.3.1-14ubuntu2
2016-05-02 16:07:40 status not-installed cpp-5:amd64 <none>
2016-05-02 16:07:40 status installed libaio-dev:amd64 0.3.110-2
2016-05-02 16:07:40 remove libaio-dev:amd64 0.3.110-2 <none>
2016-05-02 16:07:40 status half-configured libaio-dev:amd64 0.3.110-2
2016-05-02 16:07:40 status half-installed libaio-dev:amd64 0.3.110-2
2016-05-02 16:07:40 status config-files libaio-dev:amd64 0.3.110-2
2016-05-02 16:07:40 status config-files libaio-dev:amd64 0.3.110-2
2016-05-02 16:07:40 status config-files libaio-dev:amd64 0.3.110-2
2016-05-02 16:07:40 status not-installed libaio-dev:amd64 <none>
2016-05-02 16:07:40 status installed libssl-dev:amd64 1.0.2g-1ubuntu4
2016-05-02 16:07:40 remove libssl-dev:amd64 1.0.2g-1ubuntu4 <none>
2016-05-02 16:07:40 status half-configured libssl-dev:amd64 1.0.2g-1ubuntu4
2016-05-02 16:07:40 status half-installed libssl-dev:amd64 1.0.2g-1ubuntu4
2016-05-02 16:07:41 status config-files libssl-dev:amd64 1.0.2g-1ubuntu4
2016-05-02 16:07:41 status config-files libssl-dev:amd64 1.0.2g-1ubuntu4
2016-05-02 16:07:41 status config-files libssl-dev:amd64 1.0.2g-1ubuntu4
2016-05-02 16:07:41 status not-installed libssl-dev:amd64 <none>
2016-05-02 16:07:41 status installed zlib1g-dev:amd64 1:1.2.8.dfsg-2ubuntu4
2016-05-02 16:07:41 remove zlib1g-dev:amd64 1:1.2.8.dfsg-2ubuntu4 <none>
2016-05-02 16:07:41 status half-configured zlib1g-dev:amd64 1:1.2.8.dfsg-2ubuntu4
2016-05-02 16:07:41 status half-installed zlib1g-dev:amd64 1:1.2.8.dfsg-2ubuntu4
2016-05-02 16:07:41 status config-files zlib1g-dev:amd64 1:1.2.8.dfsg-2ubuntu4
2016-05-02 16:07:41 status config-files zlib1g-dev:amd64 1:1.2.8.dfsg-2ubuntu4
2016-05-02 16:07:41 status config-files zlib1g-dev:amd64 1:1.2.8.dfsg-2ubuntu4
2016-05-02 16:07:41 status not-installed zlib1g-dev:amd64 <none>
2016-05-02 16:07:41 status installed libstdc++-5-dev:amd64 5.3.1-14ubuntu2
2016-05-02 16:07:41 remove libstdc++-5-dev:amd64 5.3.1-14ubuntu2 <none>
2016-05-02 16:07:41 status half-configured libstdc++-5-dev:amd64 5.3.1-14ubuntu2
2016-05-02 16:07:41 status half-installed libstdc++-5-dev:amd64 5.3.1-14ubuntu2
2016-05-02 16:07:42 status config-files libstdc++-5-dev:amd64 5.3.1-14ubuntu2
2016-05-02 16:07:42 status config-files libstdc++-5-dev:amd64 5.3.1-14ubuntu2
2016-05-02 16:07:42 status config-files libstdc++-5-dev:amd64 5.3.1-14ubuntu2
2016-05-02 16:07:42 status not-installed libstdc++-5-dev:amd64 <none>
2016-05-02 16:07:42 status installed libc6-dev:amd64 2.23-0ubuntu3
2016-05-02 16:07:42 status installed libgeoip-dev:amd64 1.6.9-1
2016-05-02 16:07:42 remove libgeoip-dev:amd64 1.6.9-1 <none>
2016-05-02 16:07:42 status half-configured libgeoip-dev:amd64 1.6.9-1
2016-05-02 16:07:42 status half-installed libgeoip-dev:amd64 1.6.9-1
2016-05-02 16:07:42 status config-files libgeoip-dev:amd64 1.6.9-1
2016-05-02 16:07:42 status config-files libgeoip-dev:amd64 1.6.9-1
2016-05-02 16:07:42 status config-files libgeoip-dev:amd64 1.6.9-1
2016-05-02 16:07:42 status not-installed libgeoip-dev:amd64 <none>
2016-05-02 16:07:42 status installed libluajit-5.1-dev:amd64 2.0.4+dfsg-1
2016-05-02 16:07:42 remove libluajit-5.1-dev:amd64 2.0.4+dfsg-1 <none>
2016-05-02 16:07:42 status half-configured libluajit-5.1-dev:amd64 2.0.4+dfsg-1
2016-05-02 16:07:43 status half-installed libluajit-5.1-dev:amd64 2.0.4+dfsg-1
2016-05-02 16:07:43 status config-files libluajit-5.1-dev:amd64 2.0.4+dfsg-1
2016-05-02 16:07:43 status config-files libluajit-5.1-dev:amd64 2.0.4+dfsg-1
2016-05-02 16:07:43 status config-files libluajit-5.1-dev:amd64 2.0.4+dfsg-1
2016-05-02 16:07:43 status not-installed libluajit-5.1-dev:amd64 <none>
2016-05-02 16:07:43 status installed libpcre3-dev:amd64 2:8.38-3.1
2016-05-02 16:07:43 remove libpcre3-dev:amd64 2:8.38-3.1 <none>
2016-05-02 16:07:43 status half-configured libpcre3-dev:amd64 2:8.38-3.1
2016-05-02 16:07:43 status half-installed libpcre3-dev:amd64 2:8.38-3.1
2016-05-02 16:07:43 status config-files libpcre3-dev:amd64 2:8.38-3.1
2016-05-02 16:07:43 status config-files libpcre3-dev:amd64 2:8.38-3.1
2016-05-02 16:07:43 status config-files libpcre3-dev:amd64 2:8.38-3.1
2016-05-02 16:07:43 status not-installed libpcre3-dev:amd64 <none>
2016-05-02 16:07:43 status installed linux-headers-generic:amd64 4.4.0.21.22
2016-05-02 16:07:43 remove linux-headers-generic:amd64 4.4.0.21.22 <none>
2016-05-02 16:07:43 status half-configured linux-headers-generic:amd64 4.4.0.21.22
2016-05-02 16:07:43 status half-installed linux-headers-generic:amd64 4.4.0.21.22
2016-05-02 16:07:44 status config-files linux-headers-generic:amd64 4.4.0.21.22
2016-05-02 16:07:44 status config-files linux-headers-generic:amd64 4.4.0.21.22
2016-05-02 16:07:44 status config-files linux-headers-generic:amd64 4.4.0.21.22
2016-05-02 16:07:44 status not-installed linux-headers-generic:amd64 <none>
2016-05-02 16:07:44 status installed linux-libc-dev:amd64 4.4.0-21.37
2016-05-02 16:07:44 status installed libc6-dev:amd64 2.23-0ubuntu3
2016-05-02 16:07:44 remove libc6-dev:amd64 2.23-0ubuntu3 <none>
2016-05-02 16:07:44 status half-configured libc6-dev:amd64 2.23-0ubuntu3
2016-05-02 16:07:44 status half-installed libc6-dev:amd64 2.23-0ubuntu3
2016-05-02 16:07:44 status config-files libc6-dev:amd64 2.23-0ubuntu3
2016-05-02 16:07:44 status config-files libc6-dev:amd64 2.23-0ubuntu3
2016-05-02 16:07:44 status config-files libc6-dev:amd64 2.23-0ubuntu3
2016-05-02 16:07:44 status not-installed libc6-dev:amd64 <none>
2016-05-02 16:07:44 status installed linux-libc-dev:amd64 4.4.0-21.37
2016-05-02 16:07:44 remove linux-libc-dev:amd64 4.4.0-21.37 <none>
2016-05-02 16:07:44 status half-configured linux-libc-dev:amd64 4.4.0-21.37
2016-05-02 16:07:45 status half-installed linux-libc-dev:amd64 4.4.0-21.37
2016-05-02 16:07:45 status config-files linux-libc-dev:amd64 4.4.0-21.37
2016-05-02 16:07:45 status config-files linux-libc-dev:amd64 4.4.0-21.37
2016-05-02 16:07:45 status config-files linux-libc-dev:amd64 4.4.0-21.37
2016-05-02 16:07:45 status not-installed linux-libc-dev:amd64 <none>
2016-05-02 16:07:45 startup packages configure
2016-05-02 16:07:46 startup packages remove
2016-05-02 16:07:46 status installed libgcc-5-dev:amd64 5.3.1-14ubuntu2
2016-05-02 16:07:46 remove libgcc-5-dev:amd64 5.3.1-14ubuntu2 <none>
2016-05-02 16:07:46 status half-configured libgcc-5-dev:amd64 5.3.1-14ubuntu2
2016-05-02 16:07:46 status half-installed libgcc-5-dev:amd64 5.3.1-14ubuntu2
2016-05-02 16:07:46 status config-files libgcc-5-dev:amd64 5.3.1-14ubuntu2
2016-05-02 16:07:46 status config-files libgcc-5-dev:amd64 5.3.1-14ubuntu2
2016-05-02 16:07:47 status config-files libgcc-5-dev:amd64 5.3.1-14ubuntu2
2016-05-02 16:07:47 status not-installed libgcc-5-dev:amd64 <none>
2016-05-02 16:07:47 status installed libasan2:amd64 5.3.1-14ubuntu2
2016-05-02 16:07:47 remove libasan2:amd64 5.3.1-14ubuntu2 <none>
2016-05-02 16:07:47 status triggers-pending libc-bin:amd64 2.23-0ubuntu3
2016-05-02 16:07:47 status half-configured libasan2:amd64 5.3.1-14ubuntu2
2016-05-02 16:07:47 status half-installed libasan2:amd64 5.3.1-14ubuntu2
2016-05-02 16:07:47 status config-files libasan2:amd64 5.3.1-14ubuntu2
2016-05-02 16:07:47 status config-files libasan2:amd64 5.3.1-14ubuntu2
2016-05-02 16:07:47 status config-files libasan2:amd64 5.3.1-14ubuntu2
2016-05-02 16:07:47 status not-installed libasan2:amd64 <none>
2016-05-02 16:07:47 status installed libatomic1:amd64 5.3.1-14ubuntu2
2016-05-02 16:07:47 remove libatomic1:amd64 5.3.1-14ubuntu2 <none>
2016-05-02 16:07:47 status half-configured libatomic1:amd64 5.3.1-14ubuntu2
2016-05-02 16:07:47 status half-installed libatomic1:amd64 5.3.1-14ubuntu2
2016-05-02 16:07:47 status config-files libatomic1:amd64 5.3.1-14ubuntu2
2016-05-02 16:07:48 status config-files libatomic1:amd64 5.3.1-14ubuntu2
2016-05-02 16:07:48 status config-files libatomic1:amd64 5.3.1-14ubuntu2
2016-05-02 16:07:48 status not-installed libatomic1:amd64 <none>
2016-05-02 16:07:48 status installed libc-dev-bin:amd64 2.23-0ubuntu3
2016-05-02 16:07:48 remove libc-dev-bin:amd64 2.23-0ubuntu3 <none>
2016-05-02 16:07:48 status half-configured libc-dev-bin:amd64 2.23-0ubuntu3
2016-05-02 16:07:48 status half-installed libc-dev-bin:amd64 2.23-0ubuntu3
2016-05-02 16:07:48 status config-files libc-dev-bin:amd64 2.23-0ubuntu3
2016-05-02 16:07:48 status config-files libc-dev-bin:amd64 2.23-0ubuntu3
2016-05-02 16:07:48 status config-files libc-dev-bin:amd64 2.23-0ubuntu3
2016-05-02 16:07:48 status not-installed libc-dev-bin:amd64 <none>
2016-05-02 16:07:48 status installed libcc1-0:amd64 5.3.1-14ubuntu2
2016-05-02 16:07:48 remove libcc1-0:amd64 5.3.1-14ubuntu2 <none>
2016-05-02 16:07:48 status half-configured libcc1-0:amd64 5.3.1-14ubuntu2
2016-05-02 16:07:48 status half-installed libcc1-0:amd64 5.3.1-14ubuntu2
2016-05-02 16:07:49 status config-files libcc1-0:amd64 5.3.1-14ubuntu2
2016-05-02 16:07:49 status config-files libcc1-0:amd64 5.3.1-14ubuntu2
2016-05-02 16:07:49 status config-files libcc1-0:amd64 5.3.1-14ubuntu2
2016-05-02 16:07:49 status not-installed libcc1-0:amd64 <none>
2016-05-02 16:07:49 status installed libcilkrts5:amd64 5.3.1-14ubuntu2
2016-05-02 16:07:49 remove libcilkrts5:amd64 5.3.1-14ubuntu2 <none>
2016-05-02 16:07:49 status half-configured libcilkrts5:amd64 5.3.1-14ubuntu2
2016-05-02 16:07:49 status half-installed libcilkrts5:amd64 5.3.1-14ubuntu2
2016-05-02 16:07:49 status config-files libcilkrts5:amd64 5.3.1-14ubuntu2
2016-05-02 16:07:49 status config-files libcilkrts5:amd64 5.3.1-14ubuntu2
2016-05-02 16:07:49 status config-files libcilkrts5:amd64 5.3.1-14ubuntu2
2016-05-02 16:07:49 status not-installed libcilkrts5:amd64 <none>
2016-05-02 16:07:49 status installed libgomp1:amd64 5.3.1-14ubuntu2
2016-05-02 16:07:49 remove libgomp1:amd64 5.3.1-14ubuntu2 <none>
2016-05-02 16:07:49 status half-configured libgomp1:amd64 5.3.1-14ubuntu2
2016-05-02 16:07:49 status half-installed libgomp1:amd64 5.3.1-14ubuntu2
2016-05-02 16:07:50 status config-files libgomp1:amd64 5.3.1-14ubuntu2
2016-05-02 16:07:50 status config-files libgomp1:amd64 5.3.1-14ubuntu2
2016-05-02 16:07:50 status config-files libgomp1:amd64 5.3.1-14ubuntu2
2016-05-02 16:07:50 status not-installed libgomp1:amd64 <none>
2016-05-02 16:07:50 status installed libisl15:amd64 0.16.1-1
2016-05-02 16:07:50 remove libisl15:amd64 0.16.1-1 <none>
2016-05-02 16:07:50 status half-configured libisl15:amd64 0.16.1-1
2016-05-02 16:07:50 status half-installed libisl15:amd64 0.16.1-1
2016-05-02 16:07:50 status config-files libisl15:amd64 0.16.1-1
2016-05-02 16:07:50 status config-files libisl15:amd64 0.16.1-1
2016-05-02 16:07:50 status config-files libisl15:amd64 0.16.1-1
2016-05-02 16:07:50 status not-installed libisl15:amd64 <none>
2016-05-02 16:07:50 status installed libitm1:amd64 5.3.1-14ubuntu2
2016-05-02 16:07:50 remove libitm1:amd64 5.3.1-14ubuntu2 <none>
2016-05-02 16:07:50 status half-configured libitm1:amd64 5.3.1-14ubuntu2
2016-05-02 16:07:50 status half-installed libitm1:amd64 5.3.1-14ubuntu2
2016-05-02 16:07:50 status config-files libitm1:amd64 5.3.1-14ubuntu2
2016-05-02 16:07:51 status config-files libitm1:amd64 5.3.1-14ubuntu2
2016-05-02 16:07:51 status config-files libitm1:amd64 5.3.1-14ubuntu2
2016-05-02 16:07:51 status not-installed libitm1:amd64 <none>
2016-05-02 16:07:51 status installed liblsan0:amd64 5.3.1-14ubuntu2
2016-05-02 16:07:51 remove liblsan0:amd64 5.3.1-14ubuntu2 <none>
2016-05-02 16:07:51 status half-configured liblsan0:amd64 5.3.1-14ubuntu2
2016-05-02 16:07:51 status half-installed liblsan0:amd64 5.3.1-14ubuntu2
2016-05-02 16:07:51 status config-files liblsan0:amd64 5.3.1-14ubuntu2
2016-05-02 16:07:51 status config-files liblsan0:amd64 5.3.1-14ubuntu2
2016-05-02 16:07:51 status config-files liblsan0:amd64 5.3.1-14ubuntu2
2016-05-02 16:07:51 status not-installed liblsan0:amd64 <none>
2016-05-02 16:07:51 status installed libmpc3:amd64 1.0.3-1
2016-05-02 16:07:51 remove libmpc3:amd64 1.0.3-1 <none>
2016-05-02 16:07:51 status half-configured libmpc3:amd64 1.0.3-1
2016-05-02 16:07:51 status half-installed libmpc3:amd64 1.0.3-1
2016-05-02 16:07:51 status config-files libmpc3:amd64 1.0.3-1
2016-05-02 16:07:52 status config-files libmpc3:amd64 1.0.3-1
2016-05-02 16:07:52 status installed libmpfr4:amd64 3.1.4-1
2016-05-02 16:07:52 remove libmpfr4:amd64 3.1.4-1 <none>
2016-05-02 16:07:52 status half-configured libmpfr4:amd64 3.1.4-1
2016-05-02 16:07:52 status half-installed libmpfr4:amd64 3.1.4-1
2016-05-02 16:07:52 status config-files libmpfr4:amd64 3.1.4-1
2016-05-02 16:07:52 status config-files libmpfr4:amd64 3.1.4-1
2016-05-02 16:07:52 status config-files libmpfr4:amd64 3.1.4-1
2016-05-02 16:07:52 status not-installed libmpfr4:amd64 <none>
2016-05-02 16:07:52 status installed libmpx0:amd64 5.3.1-14ubuntu2
2016-05-02 16:07:52 remove libmpx0:amd64 5.3.1-14ubuntu2 <none>
2016-05-02 16:07:52 status half-configured libmpx0:amd64 5.3.1-14ubuntu2
2016-05-02 16:07:52 status half-installed libmpx0:amd64 5.3.1-14ubuntu2
2016-05-02 16:07:52 status config-files libmpx0:amd64 5.3.1-14ubuntu2
2016-05-02 16:07:52 status config-files libmpx0:amd64 5.3.1-14ubuntu2
2016-05-02 16:07:52 status config-files libmpx0:amd64 5.3.1-14ubuntu2
2016-05-02 16:07:52 status not-installed libmpx0:amd64 <none>
2016-05-02 16:07:53 status installed libpcre16-3:amd64 2:8.38-3.1
2016-05-02 16:07:53 remove libpcre16-3:amd64 2:8.38-3.1 <none>
2016-05-02 16:07:53 status half-configured libpcre16-3:amd64 2:8.38-3.1
2016-05-02 16:07:53 status half-installed libpcre16-3:amd64 2:8.38-3.1
2016-05-02 16:07:53 status config-files libpcre16-3:amd64 2:8.38-3.1
2016-05-02 16:07:53 status config-files libpcre16-3:amd64 2:8.38-3.1
2016-05-02 16:07:53 status config-files libpcre16-3:amd64 2:8.38-3.1
2016-05-02 16:07:53 status not-installed libpcre16-3:amd64 <none>
2016-05-02 16:07:53 status installed libpcre32-3:amd64 2:8.38-3.1
2016-05-02 16:07:53 remove libpcre32-3:amd64 2:8.38-3.1 <none>
2016-05-02 16:07:53 status half-configured libpcre32-3:amd64 2:8.38-3.1
2016-05-02 16:07:53 status half-installed libpcre32-3:amd64 2:8.38-3.1
2016-05-02 16:07:53 status config-files libpcre32-3:amd64 2:8.38-3.1
2016-05-02 16:07:53 status config-files libpcre32-3:amd64 2:8.38-3.1
2016-05-02 16:07:54 status config-files libpcre32-3:amd64 2:8.38-3.1
2016-05-02 16:07:54 status not-installed libpcre32-3:amd64 <none>
2016-05-02 16:07:54 status installed libpcrecpp0v5:amd64 2:8.38-3.1
2016-05-02 16:07:55 remove libpcrecpp0v5:amd64 2:8.38-3.1 <none>
2016-05-02 16:07:55 status half-configured libpcrecpp0v5:amd64 2:8.38-3.1
2016-05-02 16:07:55 status half-installed libpcrecpp0v5:amd64 2:8.38-3.1
2016-05-02 16:07:55 status config-files libpcrecpp0v5:amd64 2:8.38-3.1
2016-05-02 16:07:55 status config-files libpcrecpp0v5:amd64 2:8.38-3.1
2016-05-02 16:07:55 status config-files libpcrecpp0v5:amd64 2:8.38-3.1
2016-05-02 16:07:55 status not-installed libpcrecpp0v5:amd64 <none>
2016-05-02 16:07:55 status installed libquadmath0:amd64 5.3.1-14ubuntu2
2016-05-02 16:07:55 remove libquadmath0:amd64 5.3.1-14ubuntu2 <none>
2016-05-02 16:07:55 status half-configured libquadmath0:amd64 5.3.1-14ubuntu2
2016-05-02 16:07:55 status half-installed libquadmath0:amd64 5.3.1-14ubuntu2
2016-05-02 16:07:55 status config-files libquadmath0:amd64 5.3.1-14ubuntu2
2016-05-02 16:07:55 status config-files libquadmath0:amd64 5.3.1-14ubuntu2
2016-05-02 16:07:55 status config-files libquadmath0:amd64 5.3.1-14ubuntu2
2016-05-02 16:07:55 status not-installed libquadmath0:amd64 <none>
2016-05-02 16:07:55 status installed libtsan0:amd64 5.3.1-14ubuntu2
2016-05-02 16:07:56 remove libtsan0:amd64 5.3.1-14ubuntu2 <none>
2016-05-02 16:07:56 status half-configured libtsan0:amd64 5.3.1-14ubuntu2
2016-05-02 16:07:56 status half-installed libtsan0:amd64 5.3.1-14ubuntu2
2016-05-02 16:07:56 status config-files libtsan0:amd64 5.3.1-14ubuntu2
2016-05-02 16:07:56 status config-files libtsan0:amd64 5.3.1-14ubuntu2
2016-05-02 16:07:56 status config-files libtsan0:amd64 5.3.1-14ubuntu2
2016-05-02 16:07:56 status not-installed libtsan0:amd64 <none>
2016-05-02 16:07:56 status installed libubsan0:amd64 5.3.1-14ubuntu2
2016-05-02 16:07:56 remove libubsan0:amd64 5.3.1-14ubuntu2 <none>
2016-05-02 16:07:56 status half-configured libubsan0:amd64 5.3.1-14ubuntu2
2016-05-02 16:07:56 status half-installed libubsan0:amd64 5.3.1-14ubuntu2
2016-05-02 16:07:56 status config-files libubsan0:amd64 5.3.1-14ubuntu2
2016-05-02 16:07:56 status config-files libubsan0:amd64 5.3.1-14ubuntu2
2016-05-02 16:07:56 status config-files libubsan0:amd64 5.3.1-14ubuntu2
2016-05-02 16:07:56 status not-installed libubsan0:amd64 <none>
2016-05-02 16:07:56 status installed linux-headers-4.4.0-21-generic:amd64 4.4.0-21.37
2016-05-02 16:07:57 remove linux-headers-4.4.0-21-generic:amd64 4.4.0-21.37 <none>
2016-05-02 16:07:57 status half-configured linux-headers-4.4.0-21-generic:amd64 4.4.0-21.37
2016-05-02 16:07:57 status half-installed linux-headers-4.4.0-21-generic:amd64 4.4.0-21.37
2016-05-02 16:07:57 status config-files linux-headers-4.4.0-21-generic:amd64 4.4.0-21.37
2016-05-02 16:07:57 status config-files linux-headers-4.4.0-21-generic:amd64 4.4.0-21.37
2016-05-02 16:07:57 status config-files linux-headers-4.4.0-21-generic:amd64 4.4.0-21.37
2016-05-02 16:07:57 status not-installed linux-headers-4.4.0-21-generic:amd64 <none>
2016-05-02 16:07:58 status installed linux-headers-4.4.0-21:all 4.4.0-21.37
2016-05-02 16:07:58 remove linux-headers-4.4.0-21:all 4.4.0-21.37 <none>
2016-05-02 16:07:58 status half-configured linux-headers-4.4.0-21:all 4.4.0-21.37
2016-05-02 16:07:58 status half-installed linux-headers-4.4.0-21:all 4.4.0-21.37
2016-05-02 16:07:59 status config-files linux-headers-4.4.0-21:all 4.4.0-21.37
2016-05-02 16:07:59 status config-files linux-headers-4.4.0-21:all 4.4.0-21.37
2016-05-02 16:07:59 status config-files linux-headers-4.4.0-21:all 4.4.0-21.37
2016-05-02 16:07:59 status not-installed linux-headers-4.4.0-21:all <none>
2016-05-02 16:07:59 trigproc libc-bin:amd64 2.23-0ubuntu3 <none>
2016-05-02 16:07:59 status half-configured libc-bin:amd64 2.23-0ubuntu3
2016-05-02 16:07:59 status installed libc-bin:amd64 2.23-0ubuntu3
2016-05-02 16:07:59 startup packages configure
2020-05-07 10:04:35 startup archives unpack
2020-05-07 10:04:35 install libpopt0:amd64 <none> 1.16-10
2020-05-07 10:04:35 status half-installed libpopt0:amd64 1.16-10
2020-05-07 10:04:35 status unpacked libpopt0:amd64 1.16-10
2020-05-07 10:04:35 status unpacked libpopt0:amd64 1.16-10
2020-05-07 10:04:35 install libxau6:amd64 <none> 1:1.0.8-1
2020-05-07 10:04:35 status half-installed libxau6:amd64 1:1.0.8-1
2020-05-07 10:04:35 status unpacked libxau6:amd64 1:1.0.8-1
2020-05-07 10:04:35 status unpacked libxau6:amd64 1:1.0.8-1
2020-05-07 10:04:35 install libxdmcp6:amd64 <none> 1:1.1.2-1.1
2020-05-07 10:04:35 status triggers-pending libc-bin:amd64 2.23-0ubuntu3
2020-05-07 10:04:35 status half-installed libxdmcp6:amd64 1:1.1.2-1.1
2020-05-07 10:04:35 status unpacked libxdmcp6:amd64 1:1.1.2-1.1
2020-05-07 10:04:35 status unpacked libxdmcp6:amd64 1:1.1.2-1.1
2020-05-07 10:04:35 install libxcb1:amd64 <none> 1.11.1-1ubuntu1
2020-05-07 10:04:35 status half-installed libxcb1:amd64 1.11.1-1ubuntu1
2020-05-07 10:04:35 status unpacked libxcb1:amd64 1.11.1-1ubuntu1
2020-05-07 10:04:35 status unpacked libxcb1:amd64 1.11.1-1ubuntu1
2020-05-07 10:04:35 install libx11-data:all <none> 2:1.6.3-1ubuntu2.1
2020-05-07 10:04:35 status half-installed libx11-data:all 2:1.6.3-1ubuntu2.1
2020-05-07 10:04:36 status unpacked libx11-data:all 2:1.6.3-1ubuntu2.1
2020-05-07 10:04:36 status unpacked libx11-data:all 2:1.6.3-1ubuntu2.1
2020-05-07 10:04:36 install libx11-6:amd64 <none> 2:1.6.3-1ubuntu2.1
2020-05-07 10:04:36 status half-installed libx11-6:amd64 2:1.6.3-1ubuntu2.1
2020-05-07 10:04:36 status unpacked libx11-6:amd64 2:1.6.3-1ubuntu2.1
2020-05-07 10:04:36 status unpacked libx11-6:amd64 2:1.6.3-1ubuntu2.1
2020-05-07 10:04:36 install libxext6:amd64 <none> 2:1.3.3-1
2020-05-07 10:04:36 status half-installed libxext6:amd64 2:1.3.3-1
2020-05-07 10:04:36 status unpacked libxext6:amd64 2:1.3.3-1
2020-05-07 10:04:36 status unpacked libxext6:amd64 2:1.3.3-1
2020-05-07 10:04:36 install less:amd64 <none> 481-2.1ubuntu0.2
2020-05-07 10:04:36 status half-installed less:amd64 481-2.1ubuntu0.2
2020-05-07 10:04:36 status unpacked less:amd64 481-2.1ubuntu0.2
2020-05-07 10:04:36 status unpacked less:amd64 481-2.1ubuntu0.2
2020-05-07 10:04:36 install libbsd0:amd64 <none> 0.8.2-1ubuntu0.1
2020-05-07 10:04:36 status half-installed libbsd0:amd64 0.8.2-1ubuntu0.1
2020-05-07 10:04:36 status unpacked libbsd0:amd64 0.8.2-1ubuntu0.1
2020-05-07 10:04:36 status unpacked libbsd0:amd64 0.8.2-1ubuntu0.1
2020-05-07 10:04:36 install libexpat1:amd64 2.1.0-7 2.1.0-7ubuntu0.16.04.5
2020-05-07 10:04:36 status half-installed libexpat1:amd64 2.1.0-7
2020-05-07 10:04:36 status unpacked libexpat1:amd64 2.1.0-7ubuntu0.16.04.5
2020-05-07 10:04:36 status unpacked libexpat1:amd64 2.1.0-7ubuntu0.16.04.5
2020-05-07 10:04:36 install libedit2:amd64 <none> 3.1-20150325-1ubuntu2
2020-05-07 10:04:36 status half-installed libedit2:amd64 3.1-20150325-1ubuntu2
2020-05-07 10:04:36 status unpacked libedit2:amd64 3.1-20150325-1ubuntu2
2020-05-07 10:04:36 status unpacked libedit2:amd64 3.1-20150325-1ubuntu2
2020-05-07 10:04:36 install libxmuu1:amd64 <none> 2:1.1.2-2
2020-05-07 10:04:36 status half-installed libxmuu1:amd64 2:1.1.2-2
2020-05-07 10:04:36 status unpacked libxmuu1:amd64 2:1.1.2-2
2020-05-07 10:04:36 status unpacked libxmuu1:amd64 2:1.1.2-2
2020-05-07 10:04:36 install openssh-client:amd64 <none> 1:7.2p2-4ubuntu2.8
2020-05-07 10:04:36 status half-installed openssh-client:amd64 1:7.2p2-4ubuntu2.8
2020-05-07 10:04:36 status unpacked openssh-client:amd64 1:7.2p2-4ubuntu2.8
2020-05-07 10:04:36 status unpacked openssh-client:amd64 1:7.2p2-4ubuntu2.8
2020-05-07 10:04:36 install rsync:amd64 <none> 3.1.1-3ubuntu1.3
2020-05-07 10:04:36 status half-installed rsync:amd64 3.1.1-3ubuntu1.3
2020-05-07 10:04:36 status unpacked rsync:amd64 3.1.1-3ubuntu1.3
2020-05-07 10:04:36 status unpacked rsync:amd64 3.1.1-3ubuntu1.3
2020-05-07 10:04:36 install xauth:amd64 <none> 1:1.0.9-1ubuntu2
2020-05-07 10:04:36 status half-installed xauth:amd64 1:1.0.9-1ubuntu2
2020-05-07 10:04:36 status unpacked xauth:amd64 1:1.0.9-1ubuntu2
2020-05-07 10:04:36 status unpacked xauth:amd64 1:1.0.9-1ubuntu2
2020-05-07 10:04:36 install liberror-perl:all <none> 0.17-1.2
2020-05-07 10:04:36 status half-installed liberror-perl:all 0.17-1.2
2020-05-07 10:04:36 status unpacked liberror-perl:all 0.17-1.2
2020-05-07 10:04:36 status unpacked liberror-perl:all 0.17-1.2
2020-05-07 10:04:36 install git-man:all <none> 1:2.7.4-0ubuntu1.9
2020-05-07 10:04:36 status half-installed git-man:all 1:2.7.4-0ubuntu1.9
2020-05-07 10:04:37 status unpacked git-man:all 1:2.7.4-0ubuntu1.9
2020-05-07 10:04:37 status unpacked git-man:all 1:2.7.4-0ubuntu1.9
2020-05-07 10:04:37 install git:amd64 <none> 1:2.7.4-0ubuntu1.9
2020-05-07 10:04:37 status half-installed git:amd64 1:2.7.4-0ubuntu1.9
2020-05-07 10:04:37 status unpacked git:amd64 1:2.7.4-0ubuntu1.9
2020-05-07 10:04:37 status unpacked git:amd64 1:2.7.4-0ubuntu1.9
2020-05-07 10:04:37 trigproc libc-bin:amd64 2.23-0ubuntu3 <none>
2020-05-07 10:04:37 status half-configured libc-bin:amd64 2.23-0ubuntu3
2020-05-07 10:04:37 status installed libc-bin:amd64 2.23-0ubuntu3
2020-05-07 10:04:37 startup packages configure
2020-05-07 10:04:37 configure libpopt0:amd64 1.16-10 <none>
2020-05-07 10:04:37 status unpacked libpopt0:amd64 1.16-10
2020-05-07 10:04:37 status half-configured libpopt0:amd64 1.16-10
2020-05-07 10:04:37 status installed libpopt0:amd64 1.16-10
2020-05-07 10:04:37 status triggers-pending libc-bin:amd64 2.23-0ubuntu3
2020-05-07 10:04:37 configure libxau6:amd64 1:1.0.8-1 <none>
2020-05-07 10:04:37 status unpacked libxau6:amd64 1:1.0.8-1
2020-05-07 10:04:37 status half-configured libxau6:amd64 1:1.0.8-1
2020-05-07 10:04:37 status installed libxau6:amd64 1:1.0.8-1
2020-05-07 10:04:37 configure libxdmcp6:amd64 1:1.1.2-1.1 <none>
2020-05-07 10:04:37 status unpacked libxdmcp6:amd64 1:1.1.2-1.1
2020-05-07 10:04:37 status half-configured libxdmcp6:amd64 1:1.1.2-1.1
2020-05-07 10:04:37 status installed libxdmcp6:amd64 1:1.1.2-1.1
2020-05-07 10:04:37 configure libxcb1:amd64 1.11.1-1ubuntu1 <none>
2020-05-07 10:04:37 status unpacked libxcb1:amd64 1.11.1-1ubuntu1
2020-05-07 10:04:37 status half-configured libxcb1:amd64 1.11.1-1ubuntu1
2020-05-07 10:04:37 status installed libxcb1:amd64 1.11.1-1ubuntu1
2020-05-07 10:04:37 configure libx11-data:all 2:1.6.3-1ubuntu2.1 <none>
2020-05-07 10:04:37 status unpacked libx11-data:all 2:1.6.3-1ubuntu2.1
2020-05-07 10:04:37 status half-configured libx11-data:all 2:1.6.3-1ubuntu2.1
2020-05-07 10:04:37 status installed libx11-data:all 2:1.6.3-1ubuntu2.1
2020-05-07 10:04:37 configure libx11-6:amd64 2:1.6.3-1ubuntu2.1 <none>
2020-05-07 10:04:37 status unpacked libx11-6:amd64 2:1.6.3-1ubuntu2.1
2020-05-07 10:04:37 status half-configured libx11-6:amd64 2:1.6.3-1ubuntu2.1
2020-05-07 10:04:37 status installed libx11-6:amd64 2:1.6.3-1ubuntu2.1
2020-05-07 10:04:37 configure libxext6:amd64 2:1.3.3-1 <none>
2020-05-07 10:04:37 status unpacked libxext6:amd64 2:1.3.3-1
2020-05-07 10:04:37 status half-configured libxext6:amd64 2:1.3.3-1
2020-05-07 10:04:37 status installed libxext6:amd64 2:1.3.3-1
2020-05-07 10:04:37 configure less:amd64 481-2.1ubuntu0.2 <none>
2020-05-07 10:04:37 status unpacked less:amd64 481-2.1ubuntu0.2
2020-05-07 10:04:37 status half-configured less:amd64 481-2.1ubuntu0.2
2020-05-07 10:04:37 status installed less:amd64 481-2.1ubuntu0.2
2020-05-07 10:04:37 configure libbsd0:amd64 0.8.2-1ubuntu0.1 <none>
2020-05-07 10:04:37 status unpacked libbsd0:amd64 0.8.2-1ubuntu0.1
2020-05-07 10:04:37 status half-configured libbsd0:amd64 0.8.2-1ubuntu0.1
2020-05-07 10:04:37 status installed libbsd0:amd64 0.8.2-1ubuntu0.1
2020-05-07 10:04:37 configure libexpat1:amd64 2.1.0-7ubuntu0.16.04.5 <none>
2020-05-07 10:04:37 status unpacked libexpat1:amd64 2.1.0-7ubuntu0.16.04.5
2020-05-07 10:04:37 status half-configured libexpat1:amd64 2.1.0-7ubuntu0.16.04.5
2020-05-07 10:04:37 status installed libexpat1:amd64 2.1.0-7ubuntu0.16.04.5
2020-05-07 10:04:37 configure libedit2:amd64 3.1-20150325-1ubuntu2 <none>
2020-05-07 10:04:37 status unpacked libedit2:amd64 3.1-20150325-1ubuntu2
2020-05-07 10:04:37 status half-configured libedit2:amd64 3.1-20150325-1ubuntu2
2020-05-07 10:04:37 status installed libedit2:amd64 3.1-20150325-1ubuntu2
2020-05-07 10:04:37 configure libxmuu1:amd64 2:1.1.2-2 <none>
2020-05-07 10:04:37 status unpacked libxmuu1:amd64 2:1.1.2-2
2020-05-07 10:04:37 status half-configured libxmuu1:amd64 2:1.1.2-2
2020-05-07 10:04:37 status installed libxmuu1:amd64 2:1.1.2-2
2020-05-07 10:04:37 configure openssh-client:amd64 1:7.2p2-4ubuntu2.8 <none>
2020-05-07 10:04:37 status unpacked openssh-client:amd64 1:7.2p2-4ubuntu2.8
2020-05-07 10:04:37 status unpacked openssh-client:amd64 1:7.2p2-4ubuntu2.8
2020-05-07 10:04:37 status unpacked openssh-client:amd64 1:7.2p2-4ubuntu2.8
2020-05-07 10:04:37 status half-configured openssh-client:amd64 1:7.2p2-4ubuntu2.8
2020-05-07 10:04:37 status installed openssh-client:amd64 1:7.2p2-4ubuntu2.8
2020-05-07 10:04:37 configure rsync:amd64 3.1.1-3ubuntu1.3 <none>
2020-05-07 10:04:37 status unpacked rsync:amd64 3.1.1-3ubuntu1.3
2020-05-07 10:04:37 status unpacked rsync:amd64 3.1.1-3ubuntu1.3
2020-05-07 10:04:37 status unpacked rsync:amd64 3.1.1-3ubuntu1.3
2020-05-07 10:04:37 status half-configured rsync:amd64 3.1.1-3ubuntu1.3
2020-05-07 10:04:38 status installed rsync:amd64 3.1.1-3ubuntu1.3
2020-05-07 10:04:38 configure xauth:amd64 1:1.0.9-1ubuntu2 <none>
2020-05-07 10:04:38 status unpacked xauth:amd64 1:1.0.9-1ubuntu2
2020-05-07 10:04:38 status half-configured xauth:amd64 1:1.0.9-1ubuntu2
2020-05-07 10:04:38 status installed xauth:amd64 1:1.0.9-1ubuntu2
2020-05-07 10:04:38 configure liberror-perl:all 0.17-1.2 <none>
2020-05-07 10:04:38 status unpacked liberror-perl:all 0.17-1.2
2020-05-07 10:04:38 status half-configured liberror-perl:all 0.17-1.2
2020-05-07 10:04:38 status installed liberror-perl:all 0.17-1.2
2020-05-07 10:04:38 configure git-man:all 1:2.7.4-0ubuntu1.9 <none>
2020-05-07 10:04:38 status unpacked git-man:all 1:2.7.4-0ubuntu1.9
2020-05-07 10:04:38 status half-configured git-man:all 1:2.7.4-0ubuntu1.9
2020-05-07 10:04:38 status installed git-man:all 1:2.7.4-0ubuntu1.9
2020-05-07 10:04:38 configure git:amd64 1:2.7.4-0ubuntu1.9 <none>
2020-05-07 10:04:38 status unpacked git:amd64 1:2.7.4-0ubuntu1.9
2020-05-07 10:04:38 status unpacked git:amd64 1:2.7.4-0ubuntu1.9
2020-05-07 10:04:38 status half-configured git:amd64 1:2.7.4-0ubuntu1.9
2020-05-07 10:04:38 status installed git:amd64 1:2.7.4-0ubuntu1.9
2020-05-07 10:04:38 trigproc libc-bin:amd64 2.23-0ubuntu3 <none>
2020-05-07 10:04:38 status half-configured libc-bin:amd64 2.23-0ubuntu3
2020-05-07 10:04:38 status installed libc-bin:amd64 2.23-0ubuntu3
2020-05-07 10:04:38 startup packages configure
2020-05-07 10:36:05 startup archives unpack
2020-05-07 10:36:05 install libgpm2:amd64 <none> 1.20.4-6.1
2020-05-07 10:36:05 status half-installed libgpm2:amd64 1.20.4-6.1
2020-05-07 10:36:05 status unpacked libgpm2:amd64 1.20.4-6.1
2020-05-07 10:36:05 status unpacked libgpm2:amd64 1.20.4-6.1
2020-05-07 10:36:05 install libmagic1:amd64 <none> 1:5.25-2ubuntu1.3
2020-05-07 10:36:05 status triggers-pending libc-bin:amd64 2.23-0ubuntu3
2020-05-07 10:36:05 status half-installed libmagic1:amd64 1:5.25-2ubuntu1.3
2020-05-07 10:36:05 status unpacked libmagic1:amd64 1:5.25-2ubuntu1.3
2020-05-07 10:36:05 status unpacked libmagic1:amd64 1:5.25-2ubuntu1.3
2020-05-07 10:36:05 install file:amd64 <none> 1:5.25-2ubuntu1.3
2020-05-07 10:36:05 status half-installed file:amd64 1:5.25-2ubuntu1.3
2020-05-07 10:36:05 status unpacked file:amd64 1:5.25-2ubuntu1.3
2020-05-07 10:36:05 status unpacked file:amd64 1:5.25-2ubuntu1.3
2020-05-07 10:36:05 install libmpdec2:amd64 <none> 2.4.2-1
2020-05-07 10:36:05 status half-installed libmpdec2:amd64 2.4.2-1
2020-05-07 10:36:05 status unpacked libmpdec2:amd64 2.4.2-1
2020-05-07 10:36:05 status unpacked libmpdec2:amd64 2.4.2-1
2020-05-07 10:36:05 install libpython3.5-minimal:amd64 <none> 3.5.2-2ubuntu0~16.04.10
2020-05-07 10:36:05 status half-installed libpython3.5-minimal:amd64 3.5.2-2ubuntu0~16.04.10
2020-05-07 10:36:05 status unpacked libpython3.5-minimal:amd64 3.5.2-2ubuntu0~16.04.10
2020-05-07 10:36:05 status unpacked libpython3.5-minimal:amd64 3.5.2-2ubuntu0~16.04.10
2020-05-07 10:36:05 install mime-support:all <none> 3.59ubuntu1
2020-05-07 10:36:05 status half-installed mime-support:all 3.59ubuntu1
2020-05-07 10:36:05 status unpacked mime-support:all 3.59ubuntu1
2020-05-07 10:36:05 status unpacked mime-support:all 3.59ubuntu1
2020-05-07 10:36:05 install libpython3.5-stdlib:amd64 <none> 3.5.2-2ubuntu0~16.04.10
2020-05-07 10:36:05 status half-installed libpython3.5-stdlib:amd64 3.5.2-2ubuntu0~16.04.10
2020-05-07 10:36:05 status unpacked libpython3.5-stdlib:amd64 3.5.2-2ubuntu0~16.04.10
2020-05-07 10:36:05 status unpacked libpython3.5-stdlib:amd64 3.5.2-2ubuntu0~16.04.10
2020-05-07 10:36:05 install vim-common:amd64 <none> 2:7.4.1689-3ubuntu1.4
2020-05-07 10:36:05 status half-installed vim-common:amd64 2:7.4.1689-3ubuntu1.4
2020-05-07 10:36:05 status unpacked vim-common:amd64 2:7.4.1689-3ubuntu1.4
2020-05-07 10:36:05 status unpacked vim-common:amd64 2:7.4.1689-3ubuntu1.4
2020-05-07 10:36:05 install libpython3.5:amd64 <none> 3.5.2-2ubuntu0~16.04.10
2020-05-07 10:36:05 status half-installed libpython3.5:amd64 3.5.2-2ubuntu0~16.04.10
2020-05-07 10:36:06 status unpacked libpython3.5:amd64 3.5.2-2ubuntu0~16.04.10
2020-05-07 10:36:06 status unpacked libpython3.5:amd64 3.5.2-2ubuntu0~16.04.10
2020-05-07 10:36:06 install vim-runtime:all <none> 2:7.4.1689-3ubuntu1.4
2020-05-07 10:36:06 status half-installed vim-runtime:all 2:7.4.1689-3ubuntu1.4
2020-05-07 10:36:06 status unpacked vim-runtime:all 2:7.4.1689-3ubuntu1.4
2020-05-07 10:36:06 status unpacked vim-runtime:all 2:7.4.1689-3ubuntu1.4
2020-05-07 10:36:06 install vim:amd64 <none> 2:7.4.1689-3ubuntu1.4
2020-05-07 10:36:06 status half-installed vim:amd64 2:7.4.1689-3ubuntu1.4
2020-05-07 10:36:06 status unpacked vim:amd64 2:7.4.1689-3ubuntu1.4
2020-05-07 10:36:06 status unpacked vim:amd64 2:7.4.1689-3ubuntu1.4
2020-05-07 10:36:06 trigproc libc-bin:amd64 2.23-0ubuntu3 <none>
2020-05-07 10:36:06 status half-configured libc-bin:amd64 2.23-0ubuntu3
2020-05-07 10:36:06 status installed libc-bin:amd64 2.23-0ubuntu3
2020-05-07 10:36:06 startup packages configure
2020-05-07 10:36:06 configure libgpm2:amd64 1.20.4-6.1 <none>
2020-05-07 10:36:06 status unpacked libgpm2:amd64 1.20.4-6.1
2020-05-07 10:36:06 status half-configured libgpm2:amd64 1.20.4-6.1
2020-05-07 10:36:06 status installed libgpm2:amd64 1.20.4-6.1
2020-05-07 10:36:06 status triggers-pending libc-bin:amd64 2.23-0ubuntu3
2020-05-07 10:36:06 configure libmagic1:amd64 1:5.25-2ubuntu1.3 <none>
2020-05-07 10:36:06 status unpacked libmagic1:amd64 1:5.25-2ubuntu1.3
2020-05-07 10:36:06 status unpacked libmagic1:amd64 1:5.25-2ubuntu1.3
2020-05-07 10:36:06 status unpacked libmagic1:amd64 1:5.25-2ubuntu1.3
2020-05-07 10:36:06 status half-configured libmagic1:amd64 1:5.25-2ubuntu1.3
2020-05-07 10:36:06 status installed libmagic1:amd64 1:5.25-2ubuntu1.3
2020-05-07 10:36:06 configure file:amd64 1:5.25-2ubuntu1.3 <none>
2020-05-07 10:36:06 status unpacked file:amd64 1:5.25-2ubuntu1.3
2020-05-07 10:36:06 status half-configured file:amd64 1:5.25-2ubuntu1.3
2020-05-07 10:36:06 status installed file:amd64 1:5.25-2ubuntu1.3
2020-05-07 10:36:06 configure libmpdec2:amd64 2.4.2-1 <none>
2020-05-07 10:36:06 status unpacked libmpdec2:amd64 2.4.2-1
2020-05-07 10:36:06 status half-configured libmpdec2:amd64 2.4.2-1
2020-05-07 10:36:06 status installed libmpdec2:amd64 2.4.2-1
2020-05-07 10:36:06 configure libpython3.5-minimal:amd64 3.5.2-2ubuntu0~16.04.10 <none>
2020-05-07 10:36:06 status unpacked libpython3.5-minimal:amd64 3.5.2-2ubuntu0~16.04.10
2020-05-07 10:36:06 status unpacked libpython3.5-minimal:amd64 3.5.2-2ubuntu0~16.04.10
2020-05-07 10:36:06 status half-configured libpython3.5-minimal:amd64 3.5.2-2ubuntu0~16.04.10
2020-05-07 10:36:06 status installed libpython3.5-minimal:amd64 3.5.2-2ubuntu0~16.04.10
2020-05-07 10:36:06 configure mime-support:all 3.59ubuntu1 <none>
2020-05-07 10:36:06 status unpacked mime-support:all 3.59ubuntu1
2020-05-07 10:36:06 status unpacked mime-support:all 3.59ubuntu1
2020-05-07 10:36:06 status unpacked mime-support:all 3.59ubuntu1
2020-05-07 10:36:06 status half-configured mime-support:all 3.59ubuntu1
2020-05-07 10:36:06 status installed mime-support:all 3.59ubuntu1
2020-05-07 10:36:06 configure libpython3.5-stdlib:amd64 3.5.2-2ubuntu0~16.04.10 <none>
2020-05-07 10:36:06 status unpacked libpython3.5-stdlib:amd64 3.5.2-2ubuntu0~16.04.10
2020-05-07 10:36:06 status half-configured libpython3.5-stdlib:amd64 3.5.2-2ubuntu0~16.04.10
2020-05-07 10:36:06 status installed libpython3.5-stdlib:amd64 3.5.2-2ubuntu0~16.04.10
2020-05-07 10:36:06 configure vim-common:amd64 2:7.4.1689-3ubuntu1.4 <none>
2020-05-07 10:36:06 status unpacked vim-common:amd64 2:7.4.1689-3ubuntu1.4
2020-05-07 10:36:06 status unpacked vim-common:amd64 2:7.4.1689-3ubuntu1.4
2020-05-07 10:36:06 status half-configured vim-common:amd64 2:7.4.1689-3ubuntu1.4
2020-05-07 10:36:06 status installed vim-common:amd64 2:7.4.1689-3ubuntu1.4
2020-05-07 10:36:07 configure libpython3.5:amd64 3.5.2-2ubuntu0~16.04.10 <none>
2020-05-07 10:36:07 status unpacked libpython3.5:amd64 3.5.2-2ubuntu0~16.04.10
2020-05-07 10:36:07 status half-configured libpython3.5:amd64 3.5.2-2ubuntu0~16.04.10
2020-05-07 10:36:07 status installed libpython3.5:amd64 3.5.2-2ubuntu0~16.04.10
2020-05-07 10:36:07 configure vim-runtime:all 2:7.4.1689-3ubuntu1.4 <none>
2020-05-07 10:36:07 status unpacked vim-runtime:all 2:7.4.1689-3ubuntu1.4
2020-05-07 10:36:07 status half-configured vim-runtime:all 2:7.4.1689-3ubuntu1.4
2020-05-07 10:36:07 status installed vim-runtime:all 2:7.4.1689-3ubuntu1.4
2020-05-07 10:36:07 configure vim:amd64 2:7.4.1689-3ubuntu1.4 <none>
2020-05-07 10:36:07 status unpacked vim:amd64 2:7.4.1689-3ubuntu1.4
2020-05-07 10:36:07 status half-configured vim:amd64 2:7.4.1689-3ubuntu1.4
2020-05-07 10:36:07 status installed vim:amd64 2:7.4.1689-3ubuntu1.4
2020-05-07 10:36:07 trigproc libc-bin:amd64 2.23-0ubuntu3 <none>
2020-05-07 10:36:07 status half-configured libc-bin:amd64 2.23-0ubuntu3
2020-05-07 10:36:07 status installed libc-bin:amd64 2.23-0ubuntu3
2020-05-07 10:36:07 startup packages configure
